CRITICAL - 2025-03-05 05:46:15 --> CodeIgniter\View\Exceptions\ViewException: Invalid file: "welcome_message.php"
[Method: GET, Route: /]
in SYSTEMPATH\Exceptions\FrameworkException.php on line 39.
 1 SYSTEMPATH\View\View.php(212): CodeIgniter\Exceptions\FrameworkException::forInvalidFile('welcome_message.php')
 2 SYSTEMPATH\Common.php(1173): CodeIgniter\View\View->render('welcome_message', [], true)
 3 APPPATH\Controllers\Home.php(9): view('welcome_message')
 4 SYSTEMPATH\CodeIgniter.php(933): App\Controllers\Home->index()
 5 SYSTEMPATH\CodeIgniter.php(507): CodeIgniter\CodeIgniter->runController(Object(App\Controllers\Home))
 6 SYSTEMPATH\CodeIgniter.php(354): CodeIgniter\CodeIgniter->handleRequest(null, Object(Config\Cache), false)
 7 SYSTEMPATH\Boot.php(334): CodeIgniter\CodeIgniter->run()
 8 SYSTEMPATH\Boot.php(67): CodeIgniter\Boot::runCodeIgniter(Object(CodeIgniter\CodeIgniter))
 9 FCPATH\index.php(56): CodeIgniter\Boot::bootWeb(Object(Config\Paths))
CRITICAL - 2025-03-05 06:04:47 --> CodeIgniter\View\Exceptions\ViewException: Invalid file: "index.php"
[Method: GET, Route: /]
in SYSTEMPATH\Exceptions\FrameworkException.php on line 39.
 1 SYSTEMPATH\View\View.php(212): CodeIgniter\Exceptions\FrameworkException::forInvalidFile('index.php')
 2 SYSTEMPATH\Common.php(1173): CodeIgniter\View\View->render('index', [], true)
 3 APPPATH\Controllers\Home.php(9): view('index')
 4 SYSTEMPATH\CodeIgniter.php(933): App\Controllers\Home->index()
 5 SYSTEMPATH\CodeIgniter.php(507): CodeIgniter\CodeIgniter->runController(Object(App\Controllers\Home))
 6 SYSTEMPATH\CodeIgniter.php(354): CodeIgniter\CodeIgniter->handleRequest(null, Object(Config\Cache), false)
 7 SYSTEMPATH\Boot.php(334): CodeIgniter\CodeIgniter->run()
 8 SYSTEMPATH\Boot.php(67): CodeIgniter\Boot::runCodeIgniter(Object(CodeIgniter\CodeIgniter))
 9 FCPATH\index.php(56): CodeIgniter\Boot::bootWeb(Object(Config\Paths))
CRITICAL - 2025-03-05 06:32:07 --> ErrorException: Undefined variable $routes
[Method: GET, Route: Home/register]
in APPPATH\Config\Routing.php on line 143.
 1 APPPATH\Config\Routing.php(143): CodeIgniter\Debug\Exceptions->errorHandler(2, 'Undefined variable $routes', 'D:\\xampp\\htdocs\\eleCRM\\app\\Config\\Routing.php', 143)
 2 SYSTEMPATH\Autoloader\Autoloader.php(316): include_once('D:\\xampp\\htdocs\\eleCRM\\app\\Config\\Routing.php')
 3 SYSTEMPATH\Autoloader\Autoloader.php(295): CodeIgniter\Autoloader\Autoloader->includeFile('D:\\xampp\\htdocs\\eleCRM\\app\\Config\\Routing.php')
 4 SYSTEMPATH\Autoloader\Autoloader.php(271): CodeIgniter\Autoloader\Autoloader->loadInNamespace('Config\\Routing')
 5 [internal function]: CodeIgniter\Autoloader\Autoloader->loadClass('Config\\Routing')
 6 SYSTEMPATH\Config\Factories.php(297): class_exists('Config\\Routing')
 7 SYSTEMPATH\Config\Factories.php(216): CodeIgniter\Config\Factories::locateClass([...], 'Config\\Routing')
 8 SYSTEMPATH\Config\Factories.php(159): CodeIgniter\Config\Factories::getDefinedInstance([...], 'Config\\Routing', [])
 9 SYSTEMPATH\Config\Factories.php(188): CodeIgniter\Config\Factories::__callStatic('config', [])
10 SYSTEMPATH\Common.php(210): CodeIgniter\Config\Factories::get('config', 'Config\\Routing')
11 SYSTEMPATH\Config\Services.php(622): config('Config\\Routing')
12 SYSTEMPATH\Config\BaseService.php(312): CodeIgniter\Config\Services::routes(false)
13 SYSTEMPATH\Config\BaseService.php(251): CodeIgniter\Config\BaseService::__callStatic('routes', [...])
14 SYSTEMPATH\Config\Services.php(619): CodeIgniter\Config\BaseService::getSharedInstance('routes')
15 SYSTEMPATH\Config\BaseService.php(321): CodeIgniter\Config\Services::routes()
16 SYSTEMPATH\Config\BaseService.php(202): CodeIgniter\Config\BaseService::__callStatic('routes', [])
17 SYSTEMPATH\Common.php(1000): CodeIgniter\Config\BaseService::get('routes')
18 SYSTEMPATH\CodeIgniter.php(821): service('routes')
19 SYSTEMPATH\CodeIgniter.php(455): CodeIgniter\CodeIgniter->tryToRouteIt(null)
20 SYSTEMPATH\CodeIgniter.php(354): CodeIgniter\CodeIgniter->handleRequest(null, Object(Config\Cache), false)
21 SYSTEMPATH\Boot.php(334): CodeIgniter\CodeIgniter->run()
22 SYSTEMPATH\Boot.php(67): CodeIgniter\Boot::runCodeIgniter(Object(CodeIgniter\CodeIgniter))
23 FCPATH\index.php(56): CodeIgniter\Boot::bootWeb(Object(Config\Paths))
CRITICAL - 2025-03-05 06:32:10 --> ErrorException: Undefined variable $routes
[Method: GET, Route: /]
in APPPATH\Config\Routing.php on line 143.
 1 APPPATH\Config\Routing.php(143): CodeIgniter\Debug\Exceptions->errorHandler(2, 'Undefined variable $routes', 'D:\\xampp\\htdocs\\eleCRM\\app\\Config\\Routing.php', 143)
 2 SYSTEMPATH\Autoloader\Autoloader.php(316): include_once('D:\\xampp\\htdocs\\eleCRM\\app\\Config\\Routing.php')
 3 SYSTEMPATH\Autoloader\Autoloader.php(295): CodeIgniter\Autoloader\Autoloader->includeFile('D:\\xampp\\htdocs\\eleCRM\\app\\Config\\Routing.php')
 4 SYSTEMPATH\Autoloader\Autoloader.php(271): CodeIgniter\Autoloader\Autoloader->loadInNamespace('Config\\Routing')
 5 [internal function]: CodeIgniter\Autoloader\Autoloader->loadClass('Config\\Routing')
 6 SYSTEMPATH\Config\Factories.php(297): class_exists('Config\\Routing')
 7 SYSTEMPATH\Config\Factories.php(216): CodeIgniter\Config\Factories::locateClass([...], 'Config\\Routing')
 8 SYSTEMPATH\Config\Factories.php(159): CodeIgniter\Config\Factories::getDefinedInstance([...], 'Config\\Routing', [])
 9 SYSTEMPATH\Config\Factories.php(188): CodeIgniter\Config\Factories::__callStatic('config', [])
10 SYSTEMPATH\Common.php(210): CodeIgniter\Config\Factories::get('config', 'Config\\Routing')
11 SYSTEMPATH\Config\Services.php(622): config('Config\\Routing')
12 SYSTEMPATH\Config\BaseService.php(312): CodeIgniter\Config\Services::routes(false)
13 SYSTEMPATH\Config\BaseService.php(251): CodeIgniter\Config\BaseService::__callStatic('routes', [...])
14 SYSTEMPATH\Config\Services.php(619): CodeIgniter\Config\BaseService::getSharedInstance('routes')
15 SYSTEMPATH\Config\BaseService.php(321): CodeIgniter\Config\Services::routes()
16 SYSTEMPATH\Config\BaseService.php(202): CodeIgniter\Config\BaseService::__callStatic('routes', [])
17 SYSTEMPATH\Common.php(1000): CodeIgniter\Config\BaseService::get('routes')
18 SYSTEMPATH\CodeIgniter.php(821): service('routes')
19 SYSTEMPATH\CodeIgniter.php(455): CodeIgniter\CodeIgniter->tryToRouteIt(null)
20 SYSTEMPATH\CodeIgniter.php(354): CodeIgniter\CodeIgniter->handleRequest(null, Object(Config\Cache), false)
21 SYSTEMPATH\Boot.php(334): CodeIgniter\CodeIgniter->run()
22 SYSTEMPATH\Boot.php(67): CodeIgniter\Boot::runCodeIgniter(Object(CodeIgniter\CodeIgniter))
23 FCPATH\index.php(56): CodeIgniter\Boot::bootWeb(Object(Config\Paths))
