DEBUG - 2025-04-17 06:25:04 --> Session: Class initialized using 'CodeIgniter\Session\Handlers\FileHandler' driver.
ERROR - 2025-04-17 06:25:11 --> Error connecting to the database: mysqli_sql_exception: No connection could be made because the target machine actively refused it in C:\xampp\htdocs\eleCRM\system\Database\MySQLi\Connection.php:201
Stack trace:
#0 C:\xampp\htdocs\eleCRM\system\Database\MySQLi\Connection.php(201): mysqli->real_connect('localhost', 'root', Object(SensitiveParameterValue), 'elesmart', 3307, '', 0)
#1 C:\xampp\htdocs\eleCRM\system\Database\BaseConnection.php(421): CodeIgniter\Database\MySQLi\Connection->connect(false)
#2 C:\xampp\htdocs\eleCRM\system\Database\BaseConnection.php(620): CodeIgniter\Database\BaseConnection->initialize()
#3 C:\xampp\htdocs\eleCRM\system\Database\BaseBuilder.php(1649): CodeIgniter\Database\BaseConnection->query('SELECT `copy_el...', Array, false)
#4 C:\xampp\htdocs\eleCRM\system\Model.php(286): CodeIgniter\Database\BaseBuilder->get()
#5 C:\xampp\htdocs\eleCRM\system\BaseModel.php(675): CodeIgniter\Model->doFindAll(12, 0)
#6 C:\xampp\htdocs\eleCRM\app\Models\EleCustomerLeadModel.php(64): CodeIgniter\BaseModel->findAll(12, 0)
#7 C:\xampp\htdocs\eleCRM\app\Controllers\Home.php(29): App\Models\EleCustomerLeadModel->getLeadsWithPagination(12, 0)
#8 C:\xampp\htdocs\eleCRM\system\CodeIgniter.php(933): App\Controllers\Home->fetchLeads('1')
#9 C:\xampp\htdocs\eleCRM\system\CodeIgniter.php(507): CodeIgniter\CodeIgniter->runController(Object(App\Controllers\Home))
#10 C:\xampp\htdocs\eleCRM\system\CodeIgniter.php(354): CodeIgniter\CodeIgniter->handleRequest(NULL, Object(Config\Cache), false)
#11 C:\xampp\htdocs\eleCRM\system\Boot.php(334): CodeIgniter\CodeIgniter->run()
#12 C:\xampp\htdocs\eleCRM\system\Boot.php(67): CodeIgniter\Boot::runCodeIgniter(Object(CodeIgniter\CodeIgniter))
#13 C:\xampp\htdocs\eleCRM\index.php(56): CodeIgniter\Boot::bootWeb(Object(Config\Paths))
#14 {main}

Next CodeIgniter\Database\Exceptions\DatabaseException: No connection could be made because the target machine actively refused it in C:\xampp\htdocs\eleCRM\system\Database\MySQLi\Connection.php:246
Stack trace:
#0 C:\xampp\htdocs\eleCRM\system\Database\BaseConnection.php(421): CodeIgniter\Database\MySQLi\Connection->connect(false)
#1 C:\xampp\htdocs\eleCRM\system\Database\BaseConnection.php(620): CodeIgniter\Database\BaseConnection->initialize()
#2 C:\xampp\htdocs\eleCRM\system\Database\BaseBuilder.php(1649): CodeIgniter\Database\BaseConnection->query('SELECT `copy_el...', Array, false)
#3 C:\xampp\htdocs\eleCRM\system\Model.php(286): CodeIgniter\Database\BaseBuilder->get()
#4 C:\xampp\htdocs\eleCRM\system\BaseModel.php(675): CodeIgniter\Model->doFindAll(12, 0)
#5 C:\xampp\htdocs\eleCRM\app\Models\EleCustomerLeadModel.php(64): CodeIgniter\BaseModel->findAll(12, 0)
#6 C:\xampp\htdocs\eleCRM\app\Controllers\Home.php(29): App\Models\EleCustomerLeadModel->getLeadsWithPagination(12, 0)
#7 C:\xampp\htdocs\eleCRM\system\CodeIgniter.php(933): App\Controllers\Home->fetchLeads('1')
#8 C:\xampp\htdocs\eleCRM\system\CodeIgniter.php(507): CodeIgniter\CodeIgniter->runController(Object(App\Controllers\Home))
#9 C:\xampp\htdocs\eleCRM\system\CodeIgniter.php(354): CodeIgniter\CodeIgniter->handleRequest(NULL, Object(Config\Cache), false)
#10 C:\xampp\htdocs\eleCRM\system\Boot.php(334): CodeIgniter\CodeIgniter->run()
#11 C:\xampp\htdocs\eleCRM\system\Boot.php(67): CodeIgniter\Boot::runCodeIgniter(Object(CodeIgniter\CodeIgniter))
#12 C:\xampp\htdocs\eleCRM\index.php(56): CodeIgniter\Boot::bootWeb(Object(Config\Paths))
#13 {main}
ERROR - 2025-04-17 06:25:11 --> Error in fetchLeads: Unable to connect to the database.
Main connection [MySQLi]: No connection could be made because the target machine actively refused it
DEBUG - 2025-04-17 07:51:41 --> Session: Class initialized using 'CodeIgniter\Session\Handlers\FileHandler' driver.
DEBUG - 2025-04-17 07:51:44 --> Session: Class initialized using 'CodeIgniter\Session\Handlers\FileHandler' driver.
ERROR - 2025-04-17 07:51:46 --> Error connecting to the database: mysqli_sql_exception: No connection could be made because the target machine actively refused it in C:\xampp\htdocs\eleCRM\system\Database\MySQLi\Connection.php:201
Stack trace:
#0 C:\xampp\htdocs\eleCRM\system\Database\MySQLi\Connection.php(201): mysqli->real_connect('localhost', 'root', Object(SensitiveParameterValue), 'elesmart', 3307, '', 0)
#1 C:\xampp\htdocs\eleCRM\system\Database\BaseConnection.php(421): CodeIgniter\Database\MySQLi\Connection->connect(false)
#2 C:\xampp\htdocs\eleCRM\system\Database\BaseConnection.php(620): CodeIgniter\Database\BaseConnection->initialize()
#3 C:\xampp\htdocs\eleCRM\system\Database\BaseBuilder.php(1649): CodeIgniter\Database\BaseConnection->query('SELECT `copy_el...', Array, false)
#4 C:\xampp\htdocs\eleCRM\system\Model.php(286): CodeIgniter\Database\BaseBuilder->get()
#5 C:\xampp\htdocs\eleCRM\system\BaseModel.php(675): CodeIgniter\Model->doFindAll(12, 0)
#6 C:\xampp\htdocs\eleCRM\app\Models\EleCustomerLeadModel.php(64): CodeIgniter\BaseModel->findAll(12, 0)
#7 C:\xampp\htdocs\eleCRM\app\Controllers\Home.php(29): App\Models\EleCustomerLeadModel->getLeadsWithPagination(12, 0)
#8 C:\xampp\htdocs\eleCRM\system\CodeIgniter.php(933): App\Controllers\Home->fetchLeads('1')
#9 C:\xampp\htdocs\eleCRM\system\CodeIgniter.php(507): CodeIgniter\CodeIgniter->runController(Object(App\Controllers\Home))
#10 C:\xampp\htdocs\eleCRM\system\CodeIgniter.php(354): CodeIgniter\CodeIgniter->handleRequest(NULL, Object(Config\Cache), false)
#11 C:\xampp\htdocs\eleCRM\system\Boot.php(334): CodeIgniter\CodeIgniter->run()
#12 C:\xampp\htdocs\eleCRM\system\Boot.php(67): CodeIgniter\Boot::runCodeIgniter(Object(CodeIgniter\CodeIgniter))
#13 C:\xampp\htdocs\eleCRM\index.php(56): CodeIgniter\Boot::bootWeb(Object(Config\Paths))
#14 {main}

Next CodeIgniter\Database\Exceptions\DatabaseException: No connection could be made because the target machine actively refused it in C:\xampp\htdocs\eleCRM\system\Database\MySQLi\Connection.php:246
Stack trace:
#0 C:\xampp\htdocs\eleCRM\system\Database\BaseConnection.php(421): CodeIgniter\Database\MySQLi\Connection->connect(false)
#1 C:\xampp\htdocs\eleCRM\system\Database\BaseConnection.php(620): CodeIgniter\Database\BaseConnection->initialize()
#2 C:\xampp\htdocs\eleCRM\system\Database\BaseBuilder.php(1649): CodeIgniter\Database\BaseConnection->query('SELECT `copy_el...', Array, false)
#3 C:\xampp\htdocs\eleCRM\system\Model.php(286): CodeIgniter\Database\BaseBuilder->get()
#4 C:\xampp\htdocs\eleCRM\system\BaseModel.php(675): CodeIgniter\Model->doFindAll(12, 0)
#5 C:\xampp\htdocs\eleCRM\app\Models\EleCustomerLeadModel.php(64): CodeIgniter\BaseModel->findAll(12, 0)
#6 C:\xampp\htdocs\eleCRM\app\Controllers\Home.php(29): App\Models\EleCustomerLeadModel->getLeadsWithPagination(12, 0)
#7 C:\xampp\htdocs\eleCRM\system\CodeIgniter.php(933): App\Controllers\Home->fetchLeads('1')
#8 C:\xampp\htdocs\eleCRM\system\CodeIgniter.php(507): CodeIgniter\CodeIgniter->runController(Object(App\Controllers\Home))
#9 C:\xampp\htdocs\eleCRM\system\CodeIgniter.php(354): CodeIgniter\CodeIgniter->handleRequest(NULL, Object(Config\Cache), false)
#10 C:\xampp\htdocs\eleCRM\system\Boot.php(334): CodeIgniter\CodeIgniter->run()
#11 C:\xampp\htdocs\eleCRM\system\Boot.php(67): CodeIgniter\Boot::runCodeIgniter(Object(CodeIgniter\CodeIgniter))
#12 C:\xampp\htdocs\eleCRM\index.php(56): CodeIgniter\Boot::bootWeb(Object(Config\Paths))
#13 {main}
ERROR - 2025-04-17 07:51:46 --> Error in fetchLeads: Unable to connect to the database.
Main connection [MySQLi]: No connection could be made because the target machine actively refused it
DEBUG - 2025-04-17 07:51:48 --> Session: Class initialized using 'CodeIgniter\Session\Handlers\FileHandler' driver.
ERROR - 2025-04-17 07:51:48 --> Error connecting to the database: mysqli_sql_exception: No connection could be made because the target machine actively refused it in C:\xampp\htdocs\eleCRM\system\Database\MySQLi\Connection.php:201
Stack trace:
#0 C:\xampp\htdocs\eleCRM\system\Database\MySQLi\Connection.php(201): mysqli->real_connect('localhost', 'root', Object(SensitiveParameterValue), 'elesmart', 3307, '', 0)
#1 C:\xampp\htdocs\eleCRM\system\Database\BaseConnection.php(421): CodeIgniter\Database\MySQLi\Connection->connect(false)
#2 C:\xampp\htdocs\eleCRM\system\Database\BaseConnection.php(620): CodeIgniter\Database\BaseConnection->initialize()
#3 C:\xampp\htdocs\eleCRM\system\Database\BaseBuilder.php(1649): CodeIgniter\Database\BaseConnection->query('SELECT `copy_el...', Array, false)
#4 C:\xampp\htdocs\eleCRM\system\Model.php(286): CodeIgniter\Database\BaseBuilder->get()
#5 C:\xampp\htdocs\eleCRM\system\BaseModel.php(675): CodeIgniter\Model->doFindAll(12, 0)
#6 C:\xampp\htdocs\eleCRM\app\Models\EleCustomerLeadModel.php(64): CodeIgniter\BaseModel->findAll(12, 0)
#7 C:\xampp\htdocs\eleCRM\app\Controllers\Home.php(29): App\Models\EleCustomerLeadModel->getLeadsWithPagination(12, 0)
#8 C:\xampp\htdocs\eleCRM\system\CodeIgniter.php(933): App\Controllers\Home->fetchLeads('1')
#9 C:\xampp\htdocs\eleCRM\system\CodeIgniter.php(507): CodeIgniter\CodeIgniter->runController(Object(App\Controllers\Home))
#10 C:\xampp\htdocs\eleCRM\system\CodeIgniter.php(354): CodeIgniter\CodeIgniter->handleRequest(NULL, Object(Config\Cache), false)
#11 C:\xampp\htdocs\eleCRM\system\Boot.php(334): CodeIgniter\CodeIgniter->run()
#12 C:\xampp\htdocs\eleCRM\system\Boot.php(67): CodeIgniter\Boot::runCodeIgniter(Object(CodeIgniter\CodeIgniter))
#13 C:\xampp\htdocs\eleCRM\index.php(56): CodeIgniter\Boot::bootWeb(Object(Config\Paths))
#14 {main}

Next CodeIgniter\Database\Exceptions\DatabaseException: No connection could be made because the target machine actively refused it in C:\xampp\htdocs\eleCRM\system\Database\MySQLi\Connection.php:246
Stack trace:
#0 C:\xampp\htdocs\eleCRM\system\Database\BaseConnection.php(421): CodeIgniter\Database\MySQLi\Connection->connect(false)
#1 C:\xampp\htdocs\eleCRM\system\Database\BaseConnection.php(620): CodeIgniter\Database\BaseConnection->initialize()
#2 C:\xampp\htdocs\eleCRM\system\Database\BaseBuilder.php(1649): CodeIgniter\Database\BaseConnection->query('SELECT `copy_el...', Array, false)
#3 C:\xampp\htdocs\eleCRM\system\Model.php(286): CodeIgniter\Database\BaseBuilder->get()
#4 C:\xampp\htdocs\eleCRM\system\BaseModel.php(675): CodeIgniter\Model->doFindAll(12, 0)
#5 C:\xampp\htdocs\eleCRM\app\Models\EleCustomerLeadModel.php(64): CodeIgniter\BaseModel->findAll(12, 0)
#6 C:\xampp\htdocs\eleCRM\app\Controllers\Home.php(29): App\Models\EleCustomerLeadModel->getLeadsWithPagination(12, 0)
#7 C:\xampp\htdocs\eleCRM\system\CodeIgniter.php(933): App\Controllers\Home->fetchLeads('1')
#8 C:\xampp\htdocs\eleCRM\system\CodeIgniter.php(507): CodeIgniter\CodeIgniter->runController(Object(App\Controllers\Home))
#9 C:\xampp\htdocs\eleCRM\system\CodeIgniter.php(354): CodeIgniter\CodeIgniter->handleRequest(NULL, Object(Config\Cache), false)
#10 C:\xampp\htdocs\eleCRM\system\Boot.php(334): CodeIgniter\CodeIgniter->run()
#11 C:\xampp\htdocs\eleCRM\system\Boot.php(67): CodeIgniter\Boot::runCodeIgniter(Object(CodeIgniter\CodeIgniter))
#12 C:\xampp\htdocs\eleCRM\index.php(56): CodeIgniter\Boot::bootWeb(Object(Config\Paths))
#13 {main}
ERROR - 2025-04-17 07:51:48 --> Error in fetchLeads: Unable to connect to the database.
Main connection [MySQLi]: No connection could be made because the target machine actively refused it
ERROR - 2025-04-17 07:51:52 --> Error connecting to the database: mysqli_sql_exception: No connection could be made because the target machine actively refused it in C:\xampp\htdocs\eleCRM\system\Database\MySQLi\Connection.php:201
Stack trace:
#0 C:\xampp\htdocs\eleCRM\system\Database\MySQLi\Connection.php(201): mysqli->real_connect('localhost', 'root', Object(SensitiveParameterValue), 'elesmart', 3307, '', 0)
#1 C:\xampp\htdocs\eleCRM\system\Database\BaseConnection.php(421): CodeIgniter\Database\MySQLi\Connection->connect(false)
#2 C:\xampp\htdocs\eleCRM\system\Database\BaseConnection.php(620): CodeIgniter\Database\BaseConnection->initialize()
#3 C:\xampp\htdocs\eleCRM\system\Database\BaseBuilder.php(1649): CodeIgniter\Database\BaseConnection->query('SELECT `copy_el...', Array, false)
#4 C:\xampp\htdocs\eleCRM\system\Model.php(286): CodeIgniter\Database\BaseBuilder->get()
#5 C:\xampp\htdocs\eleCRM\system\BaseModel.php(675): CodeIgniter\Model->doFindAll(12, 0)
#6 C:\xampp\htdocs\eleCRM\app\Models\EleCustomerLeadModel.php(64): CodeIgniter\BaseModel->findAll(12, 0)
#7 C:\xampp\htdocs\eleCRM\app\Controllers\Home.php(29): App\Models\EleCustomerLeadModel->getLeadsWithPagination(12, 0)
#8 C:\xampp\htdocs\eleCRM\system\CodeIgniter.php(933): App\Controllers\Home->fetchLeads('1')
#9 C:\xampp\htdocs\eleCRM\system\CodeIgniter.php(507): CodeIgniter\CodeIgniter->runController(Object(App\Controllers\Home))
#10 C:\xampp\htdocs\eleCRM\system\CodeIgniter.php(354): CodeIgniter\CodeIgniter->handleRequest(NULL, Object(Config\Cache), false)
#11 C:\xampp\htdocs\eleCRM\system\Boot.php(334): CodeIgniter\CodeIgniter->run()
#12 C:\xampp\htdocs\eleCRM\system\Boot.php(67): CodeIgniter\Boot::runCodeIgniter(Object(CodeIgniter\CodeIgniter))
#13 C:\xampp\htdocs\eleCRM\index.php(56): CodeIgniter\Boot::bootWeb(Object(Config\Paths))
#14 {main}

Next CodeIgniter\Database\Exceptions\DatabaseException: No connection could be made because the target machine actively refused it in C:\xampp\htdocs\eleCRM\system\Database\MySQLi\Connection.php:246
Stack trace:
#0 C:\xampp\htdocs\eleCRM\system\Database\BaseConnection.php(421): CodeIgniter\Database\MySQLi\Connection->connect(false)
#1 C:\xampp\htdocs\eleCRM\system\Database\BaseConnection.php(620): CodeIgniter\Database\BaseConnection->initialize()
#2 C:\xampp\htdocs\eleCRM\system\Database\BaseBuilder.php(1649): CodeIgniter\Database\BaseConnection->query('SELECT `copy_el...', Array, false)
#3 C:\xampp\htdocs\eleCRM\system\Model.php(286): CodeIgniter\Database\BaseBuilder->get()
#4 C:\xampp\htdocs\eleCRM\system\BaseModel.php(675): CodeIgniter\Model->doFindAll(12, 0)
#5 C:\xampp\htdocs\eleCRM\app\Models\EleCustomerLeadModel.php(64): CodeIgniter\BaseModel->findAll(12, 0)
#6 C:\xampp\htdocs\eleCRM\app\Controllers\Home.php(29): App\Models\EleCustomerLeadModel->getLeadsWithPagination(12, 0)
#7 C:\xampp\htdocs\eleCRM\system\CodeIgniter.php(933): App\Controllers\Home->fetchLeads('1')
#8 C:\xampp\htdocs\eleCRM\system\CodeIgniter.php(507): CodeIgniter\CodeIgniter->runController(Object(App\Controllers\Home))
#9 C:\xampp\htdocs\eleCRM\system\CodeIgniter.php(354): CodeIgniter\CodeIgniter->handleRequest(NULL, Object(Config\Cache), false)
#10 C:\xampp\htdocs\eleCRM\system\Boot.php(334): CodeIgniter\CodeIgniter->run()
#11 C:\xampp\htdocs\eleCRM\system\Boot.php(67): CodeIgniter\Boot::runCodeIgniter(Object(CodeIgniter\CodeIgniter))
#12 C:\xampp\htdocs\eleCRM\index.php(56): CodeIgniter\Boot::bootWeb(Object(Config\Paths))
#13 {main}
ERROR - 2025-04-17 07:51:52 --> Error in fetchLeads: Unable to connect to the database.
Main connection [MySQLi]: No connection could be made because the target machine actively refused it
DEBUG - 2025-04-17 07:54:49 --> Session: Class initialized using 'CodeIgniter\Session\Handlers\FileHandler' driver.
DEBUG - 2025-04-17 07:54:50 --> Session: Class initialized using 'CodeIgniter\Session\Handlers\FileHandler' driver.
ERROR - 2025-04-17 07:54:53 --> Error connecting to the database: mysqli_sql_exception: No connection could be made because the target machine actively refused it in C:\xampp\htdocs\eleCRM\system\Database\MySQLi\Connection.php:201
Stack trace:
#0 C:\xampp\htdocs\eleCRM\system\Database\MySQLi\Connection.php(201): mysqli->real_connect('localhost', 'root', Object(SensitiveParameterValue), 'elesmart', 3307, '', 0)
#1 C:\xampp\htdocs\eleCRM\system\Database\BaseConnection.php(421): CodeIgniter\Database\MySQLi\Connection->connect(false)
#2 C:\xampp\htdocs\eleCRM\system\Database\BaseConnection.php(620): CodeIgniter\Database\BaseConnection->initialize()
#3 C:\xampp\htdocs\eleCRM\system\Database\BaseBuilder.php(1649): CodeIgniter\Database\BaseConnection->query('SELECT `copy_el...', Array, false)
#4 C:\xampp\htdocs\eleCRM\system\Model.php(286): CodeIgniter\Database\BaseBuilder->get()
#5 C:\xampp\htdocs\eleCRM\system\BaseModel.php(675): CodeIgniter\Model->doFindAll(12, 0)
#6 C:\xampp\htdocs\eleCRM\app\Models\EleCustomerLeadModel.php(64): CodeIgniter\BaseModel->findAll(12, 0)
#7 C:\xampp\htdocs\eleCRM\app\Controllers\Home.php(29): App\Models\EleCustomerLeadModel->getLeadsWithPagination(12, 0)
#8 C:\xampp\htdocs\eleCRM\system\CodeIgniter.php(933): App\Controllers\Home->fetchLeads('1')
#9 C:\xampp\htdocs\eleCRM\system\CodeIgniter.php(507): CodeIgniter\CodeIgniter->runController(Object(App\Controllers\Home))
#10 C:\xampp\htdocs\eleCRM\system\CodeIgniter.php(354): CodeIgniter\CodeIgniter->handleRequest(NULL, Object(Config\Cache), false)
#11 C:\xampp\htdocs\eleCRM\system\Boot.php(334): CodeIgniter\CodeIgniter->run()
#12 C:\xampp\htdocs\eleCRM\system\Boot.php(67): CodeIgniter\Boot::runCodeIgniter(Object(CodeIgniter\CodeIgniter))
#13 C:\xampp\htdocs\eleCRM\index.php(56): CodeIgniter\Boot::bootWeb(Object(Config\Paths))
#14 {main}

Next CodeIgniter\Database\Exceptions\DatabaseException: No connection could be made because the target machine actively refused it in C:\xampp\htdocs\eleCRM\system\Database\MySQLi\Connection.php:246
Stack trace:
#0 C:\xampp\htdocs\eleCRM\system\Database\BaseConnection.php(421): CodeIgniter\Database\MySQLi\Connection->connect(false)
#1 C:\xampp\htdocs\eleCRM\system\Database\BaseConnection.php(620): CodeIgniter\Database\BaseConnection->initialize()
#2 C:\xampp\htdocs\eleCRM\system\Database\BaseBuilder.php(1649): CodeIgniter\Database\BaseConnection->query('SELECT `copy_el...', Array, false)
#3 C:\xampp\htdocs\eleCRM\system\Model.php(286): CodeIgniter\Database\BaseBuilder->get()
#4 C:\xampp\htdocs\eleCRM\system\BaseModel.php(675): CodeIgniter\Model->doFindAll(12, 0)
#5 C:\xampp\htdocs\eleCRM\app\Models\EleCustomerLeadModel.php(64): CodeIgniter\BaseModel->findAll(12, 0)
#6 C:\xampp\htdocs\eleCRM\app\Controllers\Home.php(29): App\Models\EleCustomerLeadModel->getLeadsWithPagination(12, 0)
#7 C:\xampp\htdocs\eleCRM\system\CodeIgniter.php(933): App\Controllers\Home->fetchLeads('1')
#8 C:\xampp\htdocs\eleCRM\system\CodeIgniter.php(507): CodeIgniter\CodeIgniter->runController(Object(App\Controllers\Home))
#9 C:\xampp\htdocs\eleCRM\system\CodeIgniter.php(354): CodeIgniter\CodeIgniter->handleRequest(NULL, Object(Config\Cache), false)
#10 C:\xampp\htdocs\eleCRM\system\Boot.php(334): CodeIgniter\CodeIgniter->run()
#11 C:\xampp\htdocs\eleCRM\system\Boot.php(67): CodeIgniter\Boot::runCodeIgniter(Object(CodeIgniter\CodeIgniter))
#12 C:\xampp\htdocs\eleCRM\index.php(56): CodeIgniter\Boot::bootWeb(Object(Config\Paths))
#13 {main}
ERROR - 2025-04-17 07:54:53 --> Error in fetchLeads: Unable to connect to the database.
Main connection [MySQLi]: No connection could be made because the target machine actively refused it
DEBUG - 2025-04-17 07:54:54 --> Session: Class initialized using 'CodeIgniter\Session\Handlers\FileHandler' driver.
ERROR - 2025-04-17 07:54:55 --> Error connecting to the database: mysqli_sql_exception: No connection could be made because the target machine actively refused it in C:\xampp\htdocs\eleCRM\system\Database\MySQLi\Connection.php:201
Stack trace:
#0 C:\xampp\htdocs\eleCRM\system\Database\MySQLi\Connection.php(201): mysqli->real_connect('localhost', 'root', Object(SensitiveParameterValue), 'elesmart', 3307, '', 0)
#1 C:\xampp\htdocs\eleCRM\system\Database\BaseConnection.php(421): CodeIgniter\Database\MySQLi\Connection->connect(false)
#2 C:\xampp\htdocs\eleCRM\system\Database\BaseConnection.php(620): CodeIgniter\Database\BaseConnection->initialize()
#3 C:\xampp\htdocs\eleCRM\system\Database\BaseBuilder.php(1649): CodeIgniter\Database\BaseConnection->query('SELECT `copy_el...', Array, false)
#4 C:\xampp\htdocs\eleCRM\system\Model.php(286): CodeIgniter\Database\BaseBuilder->get()
#5 C:\xampp\htdocs\eleCRM\system\BaseModel.php(675): CodeIgniter\Model->doFindAll(12, 0)
#6 C:\xampp\htdocs\eleCRM\app\Models\EleCustomerLeadModel.php(64): CodeIgniter\BaseModel->findAll(12, 0)
#7 C:\xampp\htdocs\eleCRM\app\Controllers\Home.php(29): App\Models\EleCustomerLeadModel->getLeadsWithPagination(12, 0)
#8 C:\xampp\htdocs\eleCRM\system\CodeIgniter.php(933): App\Controllers\Home->fetchLeads('1')
#9 C:\xampp\htdocs\eleCRM\system\CodeIgniter.php(507): CodeIgniter\CodeIgniter->runController(Object(App\Controllers\Home))
#10 C:\xampp\htdocs\eleCRM\system\CodeIgniter.php(354): CodeIgniter\CodeIgniter->handleRequest(NULL, Object(Config\Cache), false)
#11 C:\xampp\htdocs\eleCRM\system\Boot.php(334): CodeIgniter\CodeIgniter->run()
#12 C:\xampp\htdocs\eleCRM\system\Boot.php(67): CodeIgniter\Boot::runCodeIgniter(Object(CodeIgniter\CodeIgniter))
#13 C:\xampp\htdocs\eleCRM\index.php(56): CodeIgniter\Boot::bootWeb(Object(Config\Paths))
#14 {main}

Next CodeIgniter\Database\Exceptions\DatabaseException: No connection could be made because the target machine actively refused it in C:\xampp\htdocs\eleCRM\system\Database\MySQLi\Connection.php:246
Stack trace:
#0 C:\xampp\htdocs\eleCRM\system\Database\BaseConnection.php(421): CodeIgniter\Database\MySQLi\Connection->connect(false)
#1 C:\xampp\htdocs\eleCRM\system\Database\BaseConnection.php(620): CodeIgniter\Database\BaseConnection->initialize()
#2 C:\xampp\htdocs\eleCRM\system\Database\BaseBuilder.php(1649): CodeIgniter\Database\BaseConnection->query('SELECT `copy_el...', Array, false)
#3 C:\xampp\htdocs\eleCRM\system\Model.php(286): CodeIgniter\Database\BaseBuilder->get()
#4 C:\xampp\htdocs\eleCRM\system\BaseModel.php(675): CodeIgniter\Model->doFindAll(12, 0)
#5 C:\xampp\htdocs\eleCRM\app\Models\EleCustomerLeadModel.php(64): CodeIgniter\BaseModel->findAll(12, 0)
#6 C:\xampp\htdocs\eleCRM\app\Controllers\Home.php(29): App\Models\EleCustomerLeadModel->getLeadsWithPagination(12, 0)
#7 C:\xampp\htdocs\eleCRM\system\CodeIgniter.php(933): App\Controllers\Home->fetchLeads('1')
#8 C:\xampp\htdocs\eleCRM\system\CodeIgniter.php(507): CodeIgniter\CodeIgniter->runController(Object(App\Controllers\Home))
#9 C:\xampp\htdocs\eleCRM\system\CodeIgniter.php(354): CodeIgniter\CodeIgniter->handleRequest(NULL, Object(Config\Cache), false)
#10 C:\xampp\htdocs\eleCRM\system\Boot.php(334): CodeIgniter\CodeIgniter->run()
#11 C:\xampp\htdocs\eleCRM\system\Boot.php(67): CodeIgniter\Boot::runCodeIgniter(Object(CodeIgniter\CodeIgniter))
#12 C:\xampp\htdocs\eleCRM\index.php(56): CodeIgniter\Boot::bootWeb(Object(Config\Paths))
#13 {main}
ERROR - 2025-04-17 07:54:55 --> Error in fetchLeads: Unable to connect to the database.
Main connection [MySQLi]: No connection could be made because the target machine actively refused it
DEBUG - 2025-04-17 07:54:57 --> Session: Class initialized using 'CodeIgniter\Session\Handlers\FileHandler' driver.
ERROR - 2025-04-17 07:54:58 --> Error connecting to the database: mysqli_sql_exception: No connection could be made because the target machine actively refused it in C:\xampp\htdocs\eleCRM\system\Database\MySQLi\Connection.php:201
Stack trace:
#0 C:\xampp\htdocs\eleCRM\system\Database\MySQLi\Connection.php(201): mysqli->real_connect('localhost', 'root', Object(SensitiveParameterValue), 'elesmart', 3307, '', 0)
#1 C:\xampp\htdocs\eleCRM\system\Database\BaseConnection.php(421): CodeIgniter\Database\MySQLi\Connection->connect(false)
#2 C:\xampp\htdocs\eleCRM\system\Database\BaseConnection.php(620): CodeIgniter\Database\BaseConnection->initialize()
#3 C:\xampp\htdocs\eleCRM\system\Database\BaseBuilder.php(1649): CodeIgniter\Database\BaseConnection->query('SELECT `copy_el...', Array, false)
#4 C:\xampp\htdocs\eleCRM\system\Model.php(286): CodeIgniter\Database\BaseBuilder->get()
#5 C:\xampp\htdocs\eleCRM\system\BaseModel.php(675): CodeIgniter\Model->doFindAll(12, 0)
#6 C:\xampp\htdocs\eleCRM\app\Models\EleCustomerLeadModel.php(64): CodeIgniter\BaseModel->findAll(12, 0)
#7 C:\xampp\htdocs\eleCRM\app\Controllers\Home.php(29): App\Models\EleCustomerLeadModel->getLeadsWithPagination(12, 0)
#8 C:\xampp\htdocs\eleCRM\system\CodeIgniter.php(933): App\Controllers\Home->fetchLeads('1')
#9 C:\xampp\htdocs\eleCRM\system\CodeIgniter.php(507): CodeIgniter\CodeIgniter->runController(Object(App\Controllers\Home))
#10 C:\xampp\htdocs\eleCRM\system\CodeIgniter.php(354): CodeIgniter\CodeIgniter->handleRequest(NULL, Object(Config\Cache), false)
#11 C:\xampp\htdocs\eleCRM\system\Boot.php(334): CodeIgniter\CodeIgniter->run()
#12 C:\xampp\htdocs\eleCRM\system\Boot.php(67): CodeIgniter\Boot::runCodeIgniter(Object(CodeIgniter\CodeIgniter))
#13 C:\xampp\htdocs\eleCRM\index.php(56): CodeIgniter\Boot::bootWeb(Object(Config\Paths))
#14 {main}

Next CodeIgniter\Database\Exceptions\DatabaseException: No connection could be made because the target machine actively refused it in C:\xampp\htdocs\eleCRM\system\Database\MySQLi\Connection.php:246
Stack trace:
#0 C:\xampp\htdocs\eleCRM\system\Database\BaseConnection.php(421): CodeIgniter\Database\MySQLi\Connection->connect(false)
#1 C:\xampp\htdocs\eleCRM\system\Database\BaseConnection.php(620): CodeIgniter\Database\BaseConnection->initialize()
#2 C:\xampp\htdocs\eleCRM\system\Database\BaseBuilder.php(1649): CodeIgniter\Database\BaseConnection->query('SELECT `copy_el...', Array, false)
#3 C:\xampp\htdocs\eleCRM\system\Model.php(286): CodeIgniter\Database\BaseBuilder->get()
#4 C:\xampp\htdocs\eleCRM\system\BaseModel.php(675): CodeIgniter\Model->doFindAll(12, 0)
#5 C:\xampp\htdocs\eleCRM\app\Models\EleCustomerLeadModel.php(64): CodeIgniter\BaseModel->findAll(12, 0)
#6 C:\xampp\htdocs\eleCRM\app\Controllers\Home.php(29): App\Models\EleCustomerLeadModel->getLeadsWithPagination(12, 0)
#7 C:\xampp\htdocs\eleCRM\system\CodeIgniter.php(933): App\Controllers\Home->fetchLeads('1')
#8 C:\xampp\htdocs\eleCRM\system\CodeIgniter.php(507): CodeIgniter\CodeIgniter->runController(Object(App\Controllers\Home))
#9 C:\xampp\htdocs\eleCRM\system\CodeIgniter.php(354): CodeIgniter\CodeIgniter->handleRequest(NULL, Object(Config\Cache), false)
#10 C:\xampp\htdocs\eleCRM\system\Boot.php(334): CodeIgniter\CodeIgniter->run()
#11 C:\xampp\htdocs\eleCRM\system\Boot.php(67): CodeIgniter\Boot::runCodeIgniter(Object(CodeIgniter\CodeIgniter))
#12 C:\xampp\htdocs\eleCRM\index.php(56): CodeIgniter\Boot::bootWeb(Object(Config\Paths))
#13 {main}
ERROR - 2025-04-17 07:54:58 --> Error in fetchLeads: Unable to connect to the database.
Main connection [MySQLi]: No connection could be made because the target machine actively refused it
ERROR - 2025-04-17 07:55:02 --> Error connecting to the database: mysqli_sql_exception: No connection could be made because the target machine actively refused it in C:\xampp\htdocs\eleCRM\system\Database\MySQLi\Connection.php:201
Stack trace:
#0 C:\xampp\htdocs\eleCRM\system\Database\MySQLi\Connection.php(201): mysqli->real_connect('localhost', 'root', Object(SensitiveParameterValue), 'elesmart', 3307, '', 0)
#1 C:\xampp\htdocs\eleCRM\system\Database\BaseConnection.php(421): CodeIgniter\Database\MySQLi\Connection->connect(false)
#2 C:\xampp\htdocs\eleCRM\system\Database\BaseConnection.php(620): CodeIgniter\Database\BaseConnection->initialize()
#3 C:\xampp\htdocs\eleCRM\system\Database\BaseBuilder.php(1649): CodeIgniter\Database\BaseConnection->query('SELECT `copy_el...', Array, false)
#4 C:\xampp\htdocs\eleCRM\system\Model.php(286): CodeIgniter\Database\BaseBuilder->get()
#5 C:\xampp\htdocs\eleCRM\system\BaseModel.php(675): CodeIgniter\Model->doFindAll(12, 0)
#6 C:\xampp\htdocs\eleCRM\app\Models\EleCustomerLeadModel.php(64): CodeIgniter\BaseModel->findAll(12, 0)
#7 C:\xampp\htdocs\eleCRM\app\Controllers\Home.php(29): App\Models\EleCustomerLeadModel->getLeadsWithPagination(12, 0)
#8 C:\xampp\htdocs\eleCRM\system\CodeIgniter.php(933): App\Controllers\Home->fetchLeads('1')
#9 C:\xampp\htdocs\eleCRM\system\CodeIgniter.php(507): CodeIgniter\CodeIgniter->runController(Object(App\Controllers\Home))
#10 C:\xampp\htdocs\eleCRM\system\CodeIgniter.php(354): CodeIgniter\CodeIgniter->handleRequest(NULL, Object(Config\Cache), false)
#11 C:\xampp\htdocs\eleCRM\system\Boot.php(334): CodeIgniter\CodeIgniter->run()
#12 C:\xampp\htdocs\eleCRM\system\Boot.php(67): CodeIgniter\Boot::runCodeIgniter(Object(CodeIgniter\CodeIgniter))
#13 C:\xampp\htdocs\eleCRM\index.php(56): CodeIgniter\Boot::bootWeb(Object(Config\Paths))
#14 {main}

Next CodeIgniter\Database\Exceptions\DatabaseException: No connection could be made because the target machine actively refused it in C:\xampp\htdocs\eleCRM\system\Database\MySQLi\Connection.php:246
Stack trace:
#0 C:\xampp\htdocs\eleCRM\system\Database\BaseConnection.php(421): CodeIgniter\Database\MySQLi\Connection->connect(false)
#1 C:\xampp\htdocs\eleCRM\system\Database\BaseConnection.php(620): CodeIgniter\Database\BaseConnection->initialize()
#2 C:\xampp\htdocs\eleCRM\system\Database\BaseBuilder.php(1649): CodeIgniter\Database\BaseConnection->query('SELECT `copy_el...', Array, false)
#3 C:\xampp\htdocs\eleCRM\system\Model.php(286): CodeIgniter\Database\BaseBuilder->get()
#4 C:\xampp\htdocs\eleCRM\system\BaseModel.php(675): CodeIgniter\Model->doFindAll(12, 0)
#5 C:\xampp\htdocs\eleCRM\app\Models\EleCustomerLeadModel.php(64): CodeIgniter\BaseModel->findAll(12, 0)
#6 C:\xampp\htdocs\eleCRM\app\Controllers\Home.php(29): App\Models\EleCustomerLeadModel->getLeadsWithPagination(12, 0)
#7 C:\xampp\htdocs\eleCRM\system\CodeIgniter.php(933): App\Controllers\Home->fetchLeads('1')
#8 C:\xampp\htdocs\eleCRM\system\CodeIgniter.php(507): CodeIgniter\CodeIgniter->runController(Object(App\Controllers\Home))
#9 C:\xampp\htdocs\eleCRM\system\CodeIgniter.php(354): CodeIgniter\CodeIgniter->handleRequest(NULL, Object(Config\Cache), false)
#10 C:\xampp\htdocs\eleCRM\system\Boot.php(334): CodeIgniter\CodeIgniter->run()
#11 C:\xampp\htdocs\eleCRM\system\Boot.php(67): CodeIgniter\Boot::runCodeIgniter(Object(CodeIgniter\CodeIgniter))
#12 C:\xampp\htdocs\eleCRM\index.php(56): CodeIgniter\Boot::bootWeb(Object(Config\Paths))
#13 {main}
ERROR - 2025-04-17 07:55:02 --> Error in fetchLeads: Unable to connect to the database.
Main connection [MySQLi]: No connection could be made because the target machine actively refused it
DEBUG - 2025-04-17 07:56:48 --> Session: Class initialized using 'CodeIgniter\Session\Handlers\FileHandler' driver.
ERROR - 2025-04-17 07:56:52 --> Error connecting to the database: mysqli_sql_exception: No connection could be made because the target machine actively refused it in C:\xampp\htdocs\eleCRM\system\Database\MySQLi\Connection.php:201
Stack trace:
#0 C:\xampp\htdocs\eleCRM\system\Database\MySQLi\Connection.php(201): mysqli->real_connect('localhost', 'root', Object(SensitiveParameterValue), 'elesmart', 3307, '', 0)
#1 C:\xampp\htdocs\eleCRM\system\Database\BaseConnection.php(421): CodeIgniter\Database\MySQLi\Connection->connect(false)
#2 C:\xampp\htdocs\eleCRM\system\Database\BaseConnection.php(620): CodeIgniter\Database\BaseConnection->initialize()
#3 C:\xampp\htdocs\eleCRM\system\Database\BaseBuilder.php(1649): CodeIgniter\Database\BaseConnection->query('SELECT `copy_el...', Array, false)
#4 C:\xampp\htdocs\eleCRM\system\Model.php(286): CodeIgniter\Database\BaseBuilder->get()
#5 C:\xampp\htdocs\eleCRM\system\BaseModel.php(675): CodeIgniter\Model->doFindAll(12, 0)
#6 C:\xampp\htdocs\eleCRM\app\Models\EleCustomerLeadModel.php(64): CodeIgniter\BaseModel->findAll(12, 0)
#7 C:\xampp\htdocs\eleCRM\app\Controllers\Home.php(29): App\Models\EleCustomerLeadModel->getLeadsWithPagination(12, 0)
#8 C:\xampp\htdocs\eleCRM\system\CodeIgniter.php(933): App\Controllers\Home->fetchLeads('1')
#9 C:\xampp\htdocs\eleCRM\system\CodeIgniter.php(507): CodeIgniter\CodeIgniter->runController(Object(App\Controllers\Home))
#10 C:\xampp\htdocs\eleCRM\system\CodeIgniter.php(354): CodeIgniter\CodeIgniter->handleRequest(NULL, Object(Config\Cache), false)
#11 C:\xampp\htdocs\eleCRM\system\Boot.php(334): CodeIgniter\CodeIgniter->run()
#12 C:\xampp\htdocs\eleCRM\system\Boot.php(67): CodeIgniter\Boot::runCodeIgniter(Object(CodeIgniter\CodeIgniter))
#13 C:\xampp\htdocs\eleCRM\index.php(56): CodeIgniter\Boot::bootWeb(Object(Config\Paths))
#14 {main}

Next CodeIgniter\Database\Exceptions\DatabaseException: No connection could be made because the target machine actively refused it in C:\xampp\htdocs\eleCRM\system\Database\MySQLi\Connection.php:246
Stack trace:
#0 C:\xampp\htdocs\eleCRM\system\Database\BaseConnection.php(421): CodeIgniter\Database\MySQLi\Connection->connect(false)
#1 C:\xampp\htdocs\eleCRM\system\Database\BaseConnection.php(620): CodeIgniter\Database\BaseConnection->initialize()
#2 C:\xampp\htdocs\eleCRM\system\Database\BaseBuilder.php(1649): CodeIgniter\Database\BaseConnection->query('SELECT `copy_el...', Array, false)
#3 C:\xampp\htdocs\eleCRM\system\Model.php(286): CodeIgniter\Database\BaseBuilder->get()
#4 C:\xampp\htdocs\eleCRM\system\BaseModel.php(675): CodeIgniter\Model->doFindAll(12, 0)
#5 C:\xampp\htdocs\eleCRM\app\Models\EleCustomerLeadModel.php(64): CodeIgniter\BaseModel->findAll(12, 0)
#6 C:\xampp\htdocs\eleCRM\app\Controllers\Home.php(29): App\Models\EleCustomerLeadModel->getLeadsWithPagination(12, 0)
#7 C:\xampp\htdocs\eleCRM\system\CodeIgniter.php(933): App\Controllers\Home->fetchLeads('1')
#8 C:\xampp\htdocs\eleCRM\system\CodeIgniter.php(507): CodeIgniter\CodeIgniter->runController(Object(App\Controllers\Home))
#9 C:\xampp\htdocs\eleCRM\system\CodeIgniter.php(354): CodeIgniter\CodeIgniter->handleRequest(NULL, Object(Config\Cache), false)
#10 C:\xampp\htdocs\eleCRM\system\Boot.php(334): CodeIgniter\CodeIgniter->run()
#11 C:\xampp\htdocs\eleCRM\system\Boot.php(67): CodeIgniter\Boot::runCodeIgniter(Object(CodeIgniter\CodeIgniter))
#12 C:\xampp\htdocs\eleCRM\index.php(56): CodeIgniter\Boot::bootWeb(Object(Config\Paths))
#13 {main}
ERROR - 2025-04-17 07:56:52 --> Error in fetchLeads: Unable to connect to the database.
Main connection [MySQLi]: No connection could be made because the target machine actively refused it
DEBUG - 2025-04-17 07:57:03 --> Session: Class initialized using 'CodeIgniter\Session\Handlers\FileHandler' driver.
ERROR - 2025-04-17 07:57:08 --> Error connecting to the database: mysqli_sql_exception: No connection could be made because the target machine actively refused it in C:\xampp\htdocs\eleCRM\system\Database\MySQLi\Connection.php:201
Stack trace:
#0 C:\xampp\htdocs\eleCRM\system\Database\MySQLi\Connection.php(201): mysqli->real_connect('localhost', 'root', Object(SensitiveParameterValue), 'elesmart', 3307, '', 0)
#1 C:\xampp\htdocs\eleCRM\system\Database\BaseConnection.php(421): CodeIgniter\Database\MySQLi\Connection->connect(false)
#2 C:\xampp\htdocs\eleCRM\system\Database\BaseConnection.php(620): CodeIgniter\Database\BaseConnection->initialize()
#3 C:\xampp\htdocs\eleCRM\system\Database\BaseBuilder.php(1649): CodeIgniter\Database\BaseConnection->query('SELECT `copy_el...', Array, false)
#4 C:\xampp\htdocs\eleCRM\system\Model.php(286): CodeIgniter\Database\BaseBuilder->get()
#5 C:\xampp\htdocs\eleCRM\system\BaseModel.php(675): CodeIgniter\Model->doFindAll(12, 0)
#6 C:\xampp\htdocs\eleCRM\app\Models\EleCustomerLeadModel.php(64): CodeIgniter\BaseModel->findAll(12, 0)
#7 C:\xampp\htdocs\eleCRM\app\Controllers\Home.php(29): App\Models\EleCustomerLeadModel->getLeadsWithPagination(12, 0)
#8 C:\xampp\htdocs\eleCRM\system\CodeIgniter.php(933): App\Controllers\Home->fetchLeads('1')
#9 C:\xampp\htdocs\eleCRM\system\CodeIgniter.php(507): CodeIgniter\CodeIgniter->runController(Object(App\Controllers\Home))
#10 C:\xampp\htdocs\eleCRM\system\CodeIgniter.php(354): CodeIgniter\CodeIgniter->handleRequest(NULL, Object(Config\Cache), false)
#11 C:\xampp\htdocs\eleCRM\system\Boot.php(334): CodeIgniter\CodeIgniter->run()
#12 C:\xampp\htdocs\eleCRM\system\Boot.php(67): CodeIgniter\Boot::runCodeIgniter(Object(CodeIgniter\CodeIgniter))
#13 C:\xampp\htdocs\eleCRM\index.php(56): CodeIgniter\Boot::bootWeb(Object(Config\Paths))
#14 {main}

Next CodeIgniter\Database\Exceptions\DatabaseException: No connection could be made because the target machine actively refused it in C:\xampp\htdocs\eleCRM\system\Database\MySQLi\Connection.php:246
Stack trace:
#0 C:\xampp\htdocs\eleCRM\system\Database\BaseConnection.php(421): CodeIgniter\Database\MySQLi\Connection->connect(false)
#1 C:\xampp\htdocs\eleCRM\system\Database\BaseConnection.php(620): CodeIgniter\Database\BaseConnection->initialize()
#2 C:\xampp\htdocs\eleCRM\system\Database\BaseBuilder.php(1649): CodeIgniter\Database\BaseConnection->query('SELECT `copy_el...', Array, false)
#3 C:\xampp\htdocs\eleCRM\system\Model.php(286): CodeIgniter\Database\BaseBuilder->get()
#4 C:\xampp\htdocs\eleCRM\system\BaseModel.php(675): CodeIgniter\Model->doFindAll(12, 0)
#5 C:\xampp\htdocs\eleCRM\app\Models\EleCustomerLeadModel.php(64): CodeIgniter\BaseModel->findAll(12, 0)
#6 C:\xampp\htdocs\eleCRM\app\Controllers\Home.php(29): App\Models\EleCustomerLeadModel->getLeadsWithPagination(12, 0)
#7 C:\xampp\htdocs\eleCRM\system\CodeIgniter.php(933): App\Controllers\Home->fetchLeads('1')
#8 C:\xampp\htdocs\eleCRM\system\CodeIgniter.php(507): CodeIgniter\CodeIgniter->runController(Object(App\Controllers\Home))
#9 C:\xampp\htdocs\eleCRM\system\CodeIgniter.php(354): CodeIgniter\CodeIgniter->handleRequest(NULL, Object(Config\Cache), false)
#10 C:\xampp\htdocs\eleCRM\system\Boot.php(334): CodeIgniter\CodeIgniter->run()
#11 C:\xampp\htdocs\eleCRM\system\Boot.php(67): CodeIgniter\Boot::runCodeIgniter(Object(CodeIgniter\CodeIgniter))
#12 C:\xampp\htdocs\eleCRM\index.php(56): CodeIgniter\Boot::bootWeb(Object(Config\Paths))
#13 {main}
ERROR - 2025-04-17 07:57:08 --> Error in fetchLeads: Unable to connect to the database.
Main connection [MySQLi]: No connection could be made because the target machine actively refused it
DEBUG - 2025-04-17 07:57:16 --> Session: Class initialized using 'CodeIgniter\Session\Handlers\FileHandler' driver.
ERROR - 2025-04-17 07:57:20 --> Error connecting to the database: mysqli_sql_exception: No connection could be made because the target machine actively refused it in C:\xampp\htdocs\eleCRM\system\Database\MySQLi\Connection.php:201
Stack trace:
#0 C:\xampp\htdocs\eleCRM\system\Database\MySQLi\Connection.php(201): mysqli->real_connect('localhost', 'root', Object(SensitiveParameterValue), 'elesmart', 3307, '', 0)
#1 C:\xampp\htdocs\eleCRM\system\Database\BaseConnection.php(421): CodeIgniter\Database\MySQLi\Connection->connect(false)
#2 C:\xampp\htdocs\eleCRM\system\Database\BaseConnection.php(620): CodeIgniter\Database\BaseConnection->initialize()
#3 C:\xampp\htdocs\eleCRM\system\Database\BaseBuilder.php(1649): CodeIgniter\Database\BaseConnection->query('SELECT `copy_el...', Array, false)
#4 C:\xampp\htdocs\eleCRM\system\Model.php(286): CodeIgniter\Database\BaseBuilder->get()
#5 C:\xampp\htdocs\eleCRM\system\BaseModel.php(675): CodeIgniter\Model->doFindAll(12, 0)
#6 C:\xampp\htdocs\eleCRM\app\Models\EleCustomerLeadModel.php(64): CodeIgniter\BaseModel->findAll(12, 0)
#7 C:\xampp\htdocs\eleCRM\app\Controllers\Home.php(29): App\Models\EleCustomerLeadModel->getLeadsWithPagination(12, 0)
#8 C:\xampp\htdocs\eleCRM\system\CodeIgniter.php(933): App\Controllers\Home->fetchLeads('1')
#9 C:\xampp\htdocs\eleCRM\system\CodeIgniter.php(507): CodeIgniter\CodeIgniter->runController(Object(App\Controllers\Home))
#10 C:\xampp\htdocs\eleCRM\system\CodeIgniter.php(354): CodeIgniter\CodeIgniter->handleRequest(NULL, Object(Config\Cache), false)
#11 C:\xampp\htdocs\eleCRM\system\Boot.php(334): CodeIgniter\CodeIgniter->run()
#12 C:\xampp\htdocs\eleCRM\system\Boot.php(67): CodeIgniter\Boot::runCodeIgniter(Object(CodeIgniter\CodeIgniter))
#13 C:\xampp\htdocs\eleCRM\index.php(56): CodeIgniter\Boot::bootWeb(Object(Config\Paths))
#14 {main}

Next CodeIgniter\Database\Exceptions\DatabaseException: No connection could be made because the target machine actively refused it in C:\xampp\htdocs\eleCRM\system\Database\MySQLi\Connection.php:246
Stack trace:
#0 C:\xampp\htdocs\eleCRM\system\Database\BaseConnection.php(421): CodeIgniter\Database\MySQLi\Connection->connect(false)
#1 C:\xampp\htdocs\eleCRM\system\Database\BaseConnection.php(620): CodeIgniter\Database\BaseConnection->initialize()
#2 C:\xampp\htdocs\eleCRM\system\Database\BaseBuilder.php(1649): CodeIgniter\Database\BaseConnection->query('SELECT `copy_el...', Array, false)
#3 C:\xampp\htdocs\eleCRM\system\Model.php(286): CodeIgniter\Database\BaseBuilder->get()
#4 C:\xampp\htdocs\eleCRM\system\BaseModel.php(675): CodeIgniter\Model->doFindAll(12, 0)
#5 C:\xampp\htdocs\eleCRM\app\Models\EleCustomerLeadModel.php(64): CodeIgniter\BaseModel->findAll(12, 0)
#6 C:\xampp\htdocs\eleCRM\app\Controllers\Home.php(29): App\Models\EleCustomerLeadModel->getLeadsWithPagination(12, 0)
#7 C:\xampp\htdocs\eleCRM\system\CodeIgniter.php(933): App\Controllers\Home->fetchLeads('1')
#8 C:\xampp\htdocs\eleCRM\system\CodeIgniter.php(507): CodeIgniter\CodeIgniter->runController(Object(App\Controllers\Home))
#9 C:\xampp\htdocs\eleCRM\system\CodeIgniter.php(354): CodeIgniter\CodeIgniter->handleRequest(NULL, Object(Config\Cache), false)
#10 C:\xampp\htdocs\eleCRM\system\Boot.php(334): CodeIgniter\CodeIgniter->run()
#11 C:\xampp\htdocs\eleCRM\system\Boot.php(67): CodeIgniter\Boot::runCodeIgniter(Object(CodeIgniter\CodeIgniter))
#12 C:\xampp\htdocs\eleCRM\index.php(56): CodeIgniter\Boot::bootWeb(Object(Config\Paths))
#13 {main}
ERROR - 2025-04-17 07:57:20 --> Error in fetchLeads: Unable to connect to the database.
Main connection [MySQLi]: No connection could be made because the target machine actively refused it
DEBUG - 2025-04-17 07:58:52 --> Session: Class initialized using 'CodeIgniter\Session\Handlers\FileHandler' driver.
DEBUG - 2025-04-17 07:58:54 --> Session: Class initialized using 'CodeIgniter\Session\Handlers\FileHandler' driver.
DEBUG - 2025-04-17 07:58:56 --> Session: Class initialized using 'CodeIgniter\Session\Handlers\FileHandler' driver.
ERROR - 2025-04-17 07:58:57 --> Error connecting to the database: mysqli_sql_exception: No connection could be made because the target machine actively refused it in C:\xampp\htdocs\eleCRM\system\Database\MySQLi\Connection.php:201
Stack trace:
#0 C:\xampp\htdocs\eleCRM\system\Database\MySQLi\Connection.php(201): mysqli->real_connect('localhost', 'root', Object(SensitiveParameterValue), 'elesmart', 3307, '', 0)
#1 C:\xampp\htdocs\eleCRM\system\Database\BaseConnection.php(421): CodeIgniter\Database\MySQLi\Connection->connect(false)
#2 C:\xampp\htdocs\eleCRM\system\Database\BaseConnection.php(620): CodeIgniter\Database\BaseConnection->initialize()
#3 C:\xampp\htdocs\eleCRM\system\Database\BaseBuilder.php(1649): CodeIgniter\Database\BaseConnection->query('SELECT `copy_el...', Array, false)
#4 C:\xampp\htdocs\eleCRM\system\Model.php(286): CodeIgniter\Database\BaseBuilder->get()
#5 C:\xampp\htdocs\eleCRM\system\BaseModel.php(675): CodeIgniter\Model->doFindAll(12, 0)
#6 C:\xampp\htdocs\eleCRM\app\Models\EleCustomerLeadModel.php(64): CodeIgniter\BaseModel->findAll(12, 0)
#7 C:\xampp\htdocs\eleCRM\app\Controllers\Home.php(29): App\Models\EleCustomerLeadModel->getLeadsWithPagination(12, 0)
#8 C:\xampp\htdocs\eleCRM\system\CodeIgniter.php(933): App\Controllers\Home->fetchLeads('1')
#9 C:\xampp\htdocs\eleCRM\system\CodeIgniter.php(507): CodeIgniter\CodeIgniter->runController(Object(App\Controllers\Home))
#10 C:\xampp\htdocs\eleCRM\system\CodeIgniter.php(354): CodeIgniter\CodeIgniter->handleRequest(NULL, Object(Config\Cache), false)
#11 C:\xampp\htdocs\eleCRM\system\Boot.php(334): CodeIgniter\CodeIgniter->run()
#12 C:\xampp\htdocs\eleCRM\system\Boot.php(67): CodeIgniter\Boot::runCodeIgniter(Object(CodeIgniter\CodeIgniter))
#13 C:\xampp\htdocs\eleCRM\index.php(56): CodeIgniter\Boot::bootWeb(Object(Config\Paths))
#14 {main}

Next CodeIgniter\Database\Exceptions\DatabaseException: No connection could be made because the target machine actively refused it in C:\xampp\htdocs\eleCRM\system\Database\MySQLi\Connection.php:246
Stack trace:
#0 C:\xampp\htdocs\eleCRM\system\Database\BaseConnection.php(421): CodeIgniter\Database\MySQLi\Connection->connect(false)
#1 C:\xampp\htdocs\eleCRM\system\Database\BaseConnection.php(620): CodeIgniter\Database\BaseConnection->initialize()
#2 C:\xampp\htdocs\eleCRM\system\Database\BaseBuilder.php(1649): CodeIgniter\Database\BaseConnection->query('SELECT `copy_el...', Array, false)
#3 C:\xampp\htdocs\eleCRM\system\Model.php(286): CodeIgniter\Database\BaseBuilder->get()
#4 C:\xampp\htdocs\eleCRM\system\BaseModel.php(675): CodeIgniter\Model->doFindAll(12, 0)
#5 C:\xampp\htdocs\eleCRM\app\Models\EleCustomerLeadModel.php(64): CodeIgniter\BaseModel->findAll(12, 0)
#6 C:\xampp\htdocs\eleCRM\app\Controllers\Home.php(29): App\Models\EleCustomerLeadModel->getLeadsWithPagination(12, 0)
#7 C:\xampp\htdocs\eleCRM\system\CodeIgniter.php(933): App\Controllers\Home->fetchLeads('1')
#8 C:\xampp\htdocs\eleCRM\system\CodeIgniter.php(507): CodeIgniter\CodeIgniter->runController(Object(App\Controllers\Home))
#9 C:\xampp\htdocs\eleCRM\system\CodeIgniter.php(354): CodeIgniter\CodeIgniter->handleRequest(NULL, Object(Config\Cache), false)
#10 C:\xampp\htdocs\eleCRM\system\Boot.php(334): CodeIgniter\CodeIgniter->run()
#11 C:\xampp\htdocs\eleCRM\system\Boot.php(67): CodeIgniter\Boot::runCodeIgniter(Object(CodeIgniter\CodeIgniter))
#12 C:\xampp\htdocs\eleCRM\index.php(56): CodeIgniter\Boot::bootWeb(Object(Config\Paths))
#13 {main}
ERROR - 2025-04-17 07:58:57 --> Error in fetchLeads: Unable to connect to the database.
Main connection [MySQLi]: No connection could be made because the target machine actively refused it
ERROR - 2025-04-17 07:58:58 --> Error connecting to the database: mysqli_sql_exception: No connection could be made because the target machine actively refused it in C:\xampp\htdocs\eleCRM\system\Database\MySQLi\Connection.php:201
Stack trace:
#0 C:\xampp\htdocs\eleCRM\system\Database\MySQLi\Connection.php(201): mysqli->real_connect('localhost', 'root', Object(SensitiveParameterValue), 'elesmart', 3307, '', 0)
#1 C:\xampp\htdocs\eleCRM\system\Database\BaseConnection.php(421): CodeIgniter\Database\MySQLi\Connection->connect(false)
#2 C:\xampp\htdocs\eleCRM\system\Database\BaseConnection.php(620): CodeIgniter\Database\BaseConnection->initialize()
#3 C:\xampp\htdocs\eleCRM\system\Database\BaseBuilder.php(1649): CodeIgniter\Database\BaseConnection->query('SELECT `copy_el...', Array, false)
#4 C:\xampp\htdocs\eleCRM\system\Model.php(286): CodeIgniter\Database\BaseBuilder->get()
#5 C:\xampp\htdocs\eleCRM\system\BaseModel.php(675): CodeIgniter\Model->doFindAll(12, 0)
#6 C:\xampp\htdocs\eleCRM\app\Models\EleCustomerLeadModel.php(64): CodeIgniter\BaseModel->findAll(12, 0)
#7 C:\xampp\htdocs\eleCRM\app\Controllers\Home.php(29): App\Models\EleCustomerLeadModel->getLeadsWithPagination(12, 0)
#8 C:\xampp\htdocs\eleCRM\system\CodeIgniter.php(933): App\Controllers\Home->fetchLeads('1')
#9 C:\xampp\htdocs\eleCRM\system\CodeIgniter.php(507): CodeIgniter\CodeIgniter->runController(Object(App\Controllers\Home))
#10 C:\xampp\htdocs\eleCRM\system\CodeIgniter.php(354): CodeIgniter\CodeIgniter->handleRequest(NULL, Object(Config\Cache), false)
#11 C:\xampp\htdocs\eleCRM\system\Boot.php(334): CodeIgniter\CodeIgniter->run()
#12 C:\xampp\htdocs\eleCRM\system\Boot.php(67): CodeIgniter\Boot::runCodeIgniter(Object(CodeIgniter\CodeIgniter))
#13 C:\xampp\htdocs\eleCRM\index.php(56): CodeIgniter\Boot::bootWeb(Object(Config\Paths))
#14 {main}

Next CodeIgniter\Database\Exceptions\DatabaseException: No connection could be made because the target machine actively refused it in C:\xampp\htdocs\eleCRM\system\Database\MySQLi\Connection.php:246
Stack trace:
#0 C:\xampp\htdocs\eleCRM\system\Database\BaseConnection.php(421): CodeIgniter\Database\MySQLi\Connection->connect(false)
#1 C:\xampp\htdocs\eleCRM\system\Database\BaseConnection.php(620): CodeIgniter\Database\BaseConnection->initialize()
#2 C:\xampp\htdocs\eleCRM\system\Database\BaseBuilder.php(1649): CodeIgniter\Database\BaseConnection->query('SELECT `copy_el...', Array, false)
#3 C:\xampp\htdocs\eleCRM\system\Model.php(286): CodeIgniter\Database\BaseBuilder->get()
#4 C:\xampp\htdocs\eleCRM\system\BaseModel.php(675): CodeIgniter\Model->doFindAll(12, 0)
#5 C:\xampp\htdocs\eleCRM\app\Models\EleCustomerLeadModel.php(64): CodeIgniter\BaseModel->findAll(12, 0)
#6 C:\xampp\htdocs\eleCRM\app\Controllers\Home.php(29): App\Models\EleCustomerLeadModel->getLeadsWithPagination(12, 0)
#7 C:\xampp\htdocs\eleCRM\system\CodeIgniter.php(933): App\Controllers\Home->fetchLeads('1')
#8 C:\xampp\htdocs\eleCRM\system\CodeIgniter.php(507): CodeIgniter\CodeIgniter->runController(Object(App\Controllers\Home))
#9 C:\xampp\htdocs\eleCRM\system\CodeIgniter.php(354): CodeIgniter\CodeIgniter->handleRequest(NULL, Object(Config\Cache), false)
#10 C:\xampp\htdocs\eleCRM\system\Boot.php(334): CodeIgniter\CodeIgniter->run()
#11 C:\xampp\htdocs\eleCRM\system\Boot.php(67): CodeIgniter\Boot::runCodeIgniter(Object(CodeIgniter\CodeIgniter))
#12 C:\xampp\htdocs\eleCRM\index.php(56): CodeIgniter\Boot::bootWeb(Object(Config\Paths))
#13 {main}
ERROR - 2025-04-17 07:58:58 --> Error in fetchLeads: Unable to connect to the database.
Main connection [MySQLi]: No connection could be made because the target machine actively refused it
ERROR - 2025-04-17 07:59:00 --> Error connecting to the database: mysqli_sql_exception: No connection could be made because the target machine actively refused it in C:\xampp\htdocs\eleCRM\system\Database\MySQLi\Connection.php:201
Stack trace:
#0 C:\xampp\htdocs\eleCRM\system\Database\MySQLi\Connection.php(201): mysqli->real_connect('localhost', 'root', Object(SensitiveParameterValue), 'elesmart', 3307, '', 0)
#1 C:\xampp\htdocs\eleCRM\system\Database\BaseConnection.php(421): CodeIgniter\Database\MySQLi\Connection->connect(false)
#2 C:\xampp\htdocs\eleCRM\system\Database\BaseConnection.php(620): CodeIgniter\Database\BaseConnection->initialize()
#3 C:\xampp\htdocs\eleCRM\system\Database\BaseBuilder.php(1649): CodeIgniter\Database\BaseConnection->query('SELECT `copy_el...', Array, false)
#4 C:\xampp\htdocs\eleCRM\system\Model.php(286): CodeIgniter\Database\BaseBuilder->get()
#5 C:\xampp\htdocs\eleCRM\system\BaseModel.php(675): CodeIgniter\Model->doFindAll(12, 0)
#6 C:\xampp\htdocs\eleCRM\app\Models\EleCustomerLeadModel.php(64): CodeIgniter\BaseModel->findAll(12, 0)
#7 C:\xampp\htdocs\eleCRM\app\Controllers\Home.php(29): App\Models\EleCustomerLeadModel->getLeadsWithPagination(12, 0)
#8 C:\xampp\htdocs\eleCRM\system\CodeIgniter.php(933): App\Controllers\Home->fetchLeads('1')
#9 C:\xampp\htdocs\eleCRM\system\CodeIgniter.php(507): CodeIgniter\CodeIgniter->runController(Object(App\Controllers\Home))
#10 C:\xampp\htdocs\eleCRM\system\CodeIgniter.php(354): CodeIgniter\CodeIgniter->handleRequest(NULL, Object(Config\Cache), false)
#11 C:\xampp\htdocs\eleCRM\system\Boot.php(334): CodeIgniter\CodeIgniter->run()
#12 C:\xampp\htdocs\eleCRM\system\Boot.php(67): CodeIgniter\Boot::runCodeIgniter(Object(CodeIgniter\CodeIgniter))
#13 C:\xampp\htdocs\eleCRM\index.php(56): CodeIgniter\Boot::bootWeb(Object(Config\Paths))
#14 {main}

Next CodeIgniter\Database\Exceptions\DatabaseException: No connection could be made because the target machine actively refused it in C:\xampp\htdocs\eleCRM\system\Database\MySQLi\Connection.php:246
Stack trace:
#0 C:\xampp\htdocs\eleCRM\system\Database\BaseConnection.php(421): CodeIgniter\Database\MySQLi\Connection->connect(false)
#1 C:\xampp\htdocs\eleCRM\system\Database\BaseConnection.php(620): CodeIgniter\Database\BaseConnection->initialize()
#2 C:\xampp\htdocs\eleCRM\system\Database\BaseBuilder.php(1649): CodeIgniter\Database\BaseConnection->query('SELECT `copy_el...', Array, false)
#3 C:\xampp\htdocs\eleCRM\system\Model.php(286): CodeIgniter\Database\BaseBuilder->get()
#4 C:\xampp\htdocs\eleCRM\system\BaseModel.php(675): CodeIgniter\Model->doFindAll(12, 0)
#5 C:\xampp\htdocs\eleCRM\app\Models\EleCustomerLeadModel.php(64): CodeIgniter\BaseModel->findAll(12, 0)
#6 C:\xampp\htdocs\eleCRM\app\Controllers\Home.php(29): App\Models\EleCustomerLeadModel->getLeadsWithPagination(12, 0)
#7 C:\xampp\htdocs\eleCRM\system\CodeIgniter.php(933): App\Controllers\Home->fetchLeads('1')
#8 C:\xampp\htdocs\eleCRM\system\CodeIgniter.php(507): CodeIgniter\CodeIgniter->runController(Object(App\Controllers\Home))
#9 C:\xampp\htdocs\eleCRM\system\CodeIgniter.php(354): CodeIgniter\CodeIgniter->handleRequest(NULL, Object(Config\Cache), false)
#10 C:\xampp\htdocs\eleCRM\system\Boot.php(334): CodeIgniter\CodeIgniter->run()
#11 C:\xampp\htdocs\eleCRM\system\Boot.php(67): CodeIgniter\Boot::runCodeIgniter(Object(CodeIgniter\CodeIgniter))
#12 C:\xampp\htdocs\eleCRM\index.php(56): CodeIgniter\Boot::bootWeb(Object(Config\Paths))
#13 {main}
ERROR - 2025-04-17 07:59:00 --> Error in fetchLeads: Unable to connect to the database.
Main connection [MySQLi]: No connection could be made because the target machine actively refused it
DEBUG - 2025-04-17 08:00:33 --> Session: Class initialized using 'CodeIgniter\Session\Handlers\FileHandler' driver.
ERROR - 2025-04-17 08:00:37 --> Error connecting to the database: mysqli_sql_exception: No connection could be made because the target machine actively refused it in C:\xampp\htdocs\eleCRM\system\Database\MySQLi\Connection.php:201
Stack trace:
#0 C:\xampp\htdocs\eleCRM\system\Database\MySQLi\Connection.php(201): mysqli->real_connect('localhost', 'root', Object(SensitiveParameterValue), 'elesmart', 3307, '', 0)
#1 C:\xampp\htdocs\eleCRM\system\Database\BaseConnection.php(421): CodeIgniter\Database\MySQLi\Connection->connect(false)
#2 C:\xampp\htdocs\eleCRM\system\Database\BaseConnection.php(620): CodeIgniter\Database\BaseConnection->initialize()
#3 C:\xampp\htdocs\eleCRM\system\Database\BaseBuilder.php(1649): CodeIgniter\Database\BaseConnection->query('SELECT `copy_el...', Array, false)
#4 C:\xampp\htdocs\eleCRM\system\Model.php(286): CodeIgniter\Database\BaseBuilder->get()
#5 C:\xampp\htdocs\eleCRM\system\BaseModel.php(675): CodeIgniter\Model->doFindAll(12, 0)
#6 C:\xampp\htdocs\eleCRM\app\Models\EleCustomerLeadModel.php(64): CodeIgniter\BaseModel->findAll(12, 0)
#7 C:\xampp\htdocs\eleCRM\app\Controllers\Home.php(29): App\Models\EleCustomerLeadModel->getLeadsWithPagination(12, 0)
#8 C:\xampp\htdocs\eleCRM\system\CodeIgniter.php(933): App\Controllers\Home->fetchLeads('1')
#9 C:\xampp\htdocs\eleCRM\system\CodeIgniter.php(507): CodeIgniter\CodeIgniter->runController(Object(App\Controllers\Home))
#10 C:\xampp\htdocs\eleCRM\system\CodeIgniter.php(354): CodeIgniter\CodeIgniter->handleRequest(NULL, Object(Config\Cache), false)
#11 C:\xampp\htdocs\eleCRM\system\Boot.php(334): CodeIgniter\CodeIgniter->run()
#12 C:\xampp\htdocs\eleCRM\system\Boot.php(67): CodeIgniter\Boot::runCodeIgniter(Object(CodeIgniter\CodeIgniter))
#13 C:\xampp\htdocs\eleCRM\index.php(56): CodeIgniter\Boot::bootWeb(Object(Config\Paths))
#14 {main}

Next CodeIgniter\Database\Exceptions\DatabaseException: No connection could be made because the target machine actively refused it in C:\xampp\htdocs\eleCRM\system\Database\MySQLi\Connection.php:246
Stack trace:
#0 C:\xampp\htdocs\eleCRM\system\Database\BaseConnection.php(421): CodeIgniter\Database\MySQLi\Connection->connect(false)
#1 C:\xampp\htdocs\eleCRM\system\Database\BaseConnection.php(620): CodeIgniter\Database\BaseConnection->initialize()
#2 C:\xampp\htdocs\eleCRM\system\Database\BaseBuilder.php(1649): CodeIgniter\Database\BaseConnection->query('SELECT `copy_el...', Array, false)
#3 C:\xampp\htdocs\eleCRM\system\Model.php(286): CodeIgniter\Database\BaseBuilder->get()
#4 C:\xampp\htdocs\eleCRM\system\BaseModel.php(675): CodeIgniter\Model->doFindAll(12, 0)
#5 C:\xampp\htdocs\eleCRM\app\Models\EleCustomerLeadModel.php(64): CodeIgniter\BaseModel->findAll(12, 0)
#6 C:\xampp\htdocs\eleCRM\app\Controllers\Home.php(29): App\Models\EleCustomerLeadModel->getLeadsWithPagination(12, 0)
#7 C:\xampp\htdocs\eleCRM\system\CodeIgniter.php(933): App\Controllers\Home->fetchLeads('1')
#8 C:\xampp\htdocs\eleCRM\system\CodeIgniter.php(507): CodeIgniter\CodeIgniter->runController(Object(App\Controllers\Home))
#9 C:\xampp\htdocs\eleCRM\system\CodeIgniter.php(354): CodeIgniter\CodeIgniter->handleRequest(NULL, Object(Config\Cache), false)
#10 C:\xampp\htdocs\eleCRM\system\Boot.php(334): CodeIgniter\CodeIgniter->run()
#11 C:\xampp\htdocs\eleCRM\system\Boot.php(67): CodeIgniter\Boot::runCodeIgniter(Object(CodeIgniter\CodeIgniter))
#12 C:\xampp\htdocs\eleCRM\index.php(56): CodeIgniter\Boot::bootWeb(Object(Config\Paths))
#13 {main}
ERROR - 2025-04-17 08:00:37 --> Error in fetchLeads: Unable to connect to the database.
Main connection [MySQLi]: No connection could be made because the target machine actively refused it
DEBUG - 2025-04-17 08:03:38 --> Session: Class initialized using 'CodeIgniter\Session\Handlers\FileHandler' driver.
ERROR - 2025-04-17 08:03:43 --> Error connecting to the database: mysqli_sql_exception: No connection could be made because the target machine actively refused it in C:\xampp\htdocs\eleCRM\system\Database\MySQLi\Connection.php:201
Stack trace:
#0 C:\xampp\htdocs\eleCRM\system\Database\MySQLi\Connection.php(201): mysqli->real_connect('localhost', 'root', Object(SensitiveParameterValue), 'elesmart', 3307, '', 0)
#1 C:\xampp\htdocs\eleCRM\system\Database\BaseConnection.php(421): CodeIgniter\Database\MySQLi\Connection->connect(false)
#2 C:\xampp\htdocs\eleCRM\system\Database\BaseConnection.php(620): CodeIgniter\Database\BaseConnection->initialize()
#3 C:\xampp\htdocs\eleCRM\system\Database\BaseBuilder.php(1649): CodeIgniter\Database\BaseConnection->query('SELECT `copy_el...', Array, false)
#4 C:\xampp\htdocs\eleCRM\system\Model.php(286): CodeIgniter\Database\BaseBuilder->get()
#5 C:\xampp\htdocs\eleCRM\system\BaseModel.php(675): CodeIgniter\Model->doFindAll(12, 0)
#6 C:\xampp\htdocs\eleCRM\app\Models\EleCustomerLeadModel.php(64): CodeIgniter\BaseModel->findAll(12, 0)
#7 C:\xampp\htdocs\eleCRM\app\Controllers\Home.php(29): App\Models\EleCustomerLeadModel->getLeadsWithPagination(12, 0)
#8 C:\xampp\htdocs\eleCRM\system\CodeIgniter.php(933): App\Controllers\Home->fetchLeads('1')
#9 C:\xampp\htdocs\eleCRM\system\CodeIgniter.php(507): CodeIgniter\CodeIgniter->runController(Object(App\Controllers\Home))
#10 C:\xampp\htdocs\eleCRM\system\CodeIgniter.php(354): CodeIgniter\CodeIgniter->handleRequest(NULL, Object(Config\Cache), false)
#11 C:\xampp\htdocs\eleCRM\system\Boot.php(334): CodeIgniter\CodeIgniter->run()
#12 C:\xampp\htdocs\eleCRM\system\Boot.php(67): CodeIgniter\Boot::runCodeIgniter(Object(CodeIgniter\CodeIgniter))
#13 C:\xampp\htdocs\eleCRM\index.php(56): CodeIgniter\Boot::bootWeb(Object(Config\Paths))
#14 {main}

Next CodeIgniter\Database\Exceptions\DatabaseException: No connection could be made because the target machine actively refused it in C:\xampp\htdocs\eleCRM\system\Database\MySQLi\Connection.php:246
Stack trace:
#0 C:\xampp\htdocs\eleCRM\system\Database\BaseConnection.php(421): CodeIgniter\Database\MySQLi\Connection->connect(false)
#1 C:\xampp\htdocs\eleCRM\system\Database\BaseConnection.php(620): CodeIgniter\Database\BaseConnection->initialize()
#2 C:\xampp\htdocs\eleCRM\system\Database\BaseBuilder.php(1649): CodeIgniter\Database\BaseConnection->query('SELECT `copy_el...', Array, false)
#3 C:\xampp\htdocs\eleCRM\system\Model.php(286): CodeIgniter\Database\BaseBuilder->get()
#4 C:\xampp\htdocs\eleCRM\system\BaseModel.php(675): CodeIgniter\Model->doFindAll(12, 0)
#5 C:\xampp\htdocs\eleCRM\app\Models\EleCustomerLeadModel.php(64): CodeIgniter\BaseModel->findAll(12, 0)
#6 C:\xampp\htdocs\eleCRM\app\Controllers\Home.php(29): App\Models\EleCustomerLeadModel->getLeadsWithPagination(12, 0)
#7 C:\xampp\htdocs\eleCRM\system\CodeIgniter.php(933): App\Controllers\Home->fetchLeads('1')
#8 C:\xampp\htdocs\eleCRM\system\CodeIgniter.php(507): CodeIgniter\CodeIgniter->runController(Object(App\Controllers\Home))
#9 C:\xampp\htdocs\eleCRM\system\CodeIgniter.php(354): CodeIgniter\CodeIgniter->handleRequest(NULL, Object(Config\Cache), false)
#10 C:\xampp\htdocs\eleCRM\system\Boot.php(334): CodeIgniter\CodeIgniter->run()
#11 C:\xampp\htdocs\eleCRM\system\Boot.php(67): CodeIgniter\Boot::runCodeIgniter(Object(CodeIgniter\CodeIgniter))
#12 C:\xampp\htdocs\eleCRM\index.php(56): CodeIgniter\Boot::bootWeb(Object(Config\Paths))
#13 {main}
ERROR - 2025-04-17 08:03:43 --> Error in fetchLeads: Unable to connect to the database.
Main connection [MySQLi]: No connection could be made because the target machine actively refused it
DEBUG - 2025-04-17 08:04:18 --> Session: Class initialized using 'CodeIgniter\Session\Handlers\FileHandler' driver.
ERROR - 2025-04-17 08:04:23 --> Error connecting to the database: mysqli_sql_exception: No connection could be made because the target machine actively refused it in C:\xampp\htdocs\eleCRM\system\Database\MySQLi\Connection.php:201
Stack trace:
#0 C:\xampp\htdocs\eleCRM\system\Database\MySQLi\Connection.php(201): mysqli->real_connect('localhost', 'root', Object(SensitiveParameterValue), 'elesmart', 3307, '', 0)
#1 C:\xampp\htdocs\eleCRM\system\Database\BaseConnection.php(421): CodeIgniter\Database\MySQLi\Connection->connect(false)
#2 C:\xampp\htdocs\eleCRM\system\Database\BaseConnection.php(620): CodeIgniter\Database\BaseConnection->initialize()
#3 C:\xampp\htdocs\eleCRM\system\Database\BaseBuilder.php(1649): CodeIgniter\Database\BaseConnection->query('SELECT `copy_el...', Array, false)
#4 C:\xampp\htdocs\eleCRM\system\Model.php(286): CodeIgniter\Database\BaseBuilder->get()
#5 C:\xampp\htdocs\eleCRM\system\BaseModel.php(675): CodeIgniter\Model->doFindAll(12, 0)
#6 C:\xampp\htdocs\eleCRM\app\Models\EleCustomerLeadModel.php(64): CodeIgniter\BaseModel->findAll(12, 0)
#7 C:\xampp\htdocs\eleCRM\app\Controllers\Home.php(29): App\Models\EleCustomerLeadModel->getLeadsWithPagination(12, 0)
#8 C:\xampp\htdocs\eleCRM\system\CodeIgniter.php(933): App\Controllers\Home->fetchLeads('1')
#9 C:\xampp\htdocs\eleCRM\system\CodeIgniter.php(507): CodeIgniter\CodeIgniter->runController(Object(App\Controllers\Home))
#10 C:\xampp\htdocs\eleCRM\system\CodeIgniter.php(354): CodeIgniter\CodeIgniter->handleRequest(NULL, Object(Config\Cache), false)
#11 C:\xampp\htdocs\eleCRM\system\Boot.php(334): CodeIgniter\CodeIgniter->run()
#12 C:\xampp\htdocs\eleCRM\system\Boot.php(67): CodeIgniter\Boot::runCodeIgniter(Object(CodeIgniter\CodeIgniter))
#13 C:\xampp\htdocs\eleCRM\index.php(56): CodeIgniter\Boot::bootWeb(Object(Config\Paths))
#14 {main}

Next CodeIgniter\Database\Exceptions\DatabaseException: No connection could be made because the target machine actively refused it in C:\xampp\htdocs\eleCRM\system\Database\MySQLi\Connection.php:246
Stack trace:
#0 C:\xampp\htdocs\eleCRM\system\Database\BaseConnection.php(421): CodeIgniter\Database\MySQLi\Connection->connect(false)
#1 C:\xampp\htdocs\eleCRM\system\Database\BaseConnection.php(620): CodeIgniter\Database\BaseConnection->initialize()
#2 C:\xampp\htdocs\eleCRM\system\Database\BaseBuilder.php(1649): CodeIgniter\Database\BaseConnection->query('SELECT `copy_el...', Array, false)
#3 C:\xampp\htdocs\eleCRM\system\Model.php(286): CodeIgniter\Database\BaseBuilder->get()
#4 C:\xampp\htdocs\eleCRM\system\BaseModel.php(675): CodeIgniter\Model->doFindAll(12, 0)
#5 C:\xampp\htdocs\eleCRM\app\Models\EleCustomerLeadModel.php(64): CodeIgniter\BaseModel->findAll(12, 0)
#6 C:\xampp\htdocs\eleCRM\app\Controllers\Home.php(29): App\Models\EleCustomerLeadModel->getLeadsWithPagination(12, 0)
#7 C:\xampp\htdocs\eleCRM\system\CodeIgniter.php(933): App\Controllers\Home->fetchLeads('1')
#8 C:\xampp\htdocs\eleCRM\system\CodeIgniter.php(507): CodeIgniter\CodeIgniter->runController(Object(App\Controllers\Home))
#9 C:\xampp\htdocs\eleCRM\system\CodeIgniter.php(354): CodeIgniter\CodeIgniter->handleRequest(NULL, Object(Config\Cache), false)
#10 C:\xampp\htdocs\eleCRM\system\Boot.php(334): CodeIgniter\CodeIgniter->run()
#11 C:\xampp\htdocs\eleCRM\system\Boot.php(67): CodeIgniter\Boot::runCodeIgniter(Object(CodeIgniter\CodeIgniter))
#12 C:\xampp\htdocs\eleCRM\index.php(56): CodeIgniter\Boot::bootWeb(Object(Config\Paths))
#13 {main}
ERROR - 2025-04-17 08:04:23 --> Error in fetchLeads: Unable to connect to the database.
Main connection [MySQLi]: No connection could be made because the target machine actively refused it
DEBUG - 2025-04-17 08:04:26 --> Session: Class initialized using 'CodeIgniter\Session\Handlers\FileHandler' driver.
ERROR - 2025-04-17 08:04:31 --> Error connecting to the database: mysqli_sql_exception: No connection could be made because the target machine actively refused it in C:\xampp\htdocs\eleCRM\system\Database\MySQLi\Connection.php:201
Stack trace:
#0 C:\xampp\htdocs\eleCRM\system\Database\MySQLi\Connection.php(201): mysqli->real_connect('localhost', 'root', Object(SensitiveParameterValue), 'elesmart', 3307, '', 0)
#1 C:\xampp\htdocs\eleCRM\system\Database\BaseConnection.php(421): CodeIgniter\Database\MySQLi\Connection->connect(false)
#2 C:\xampp\htdocs\eleCRM\system\Database\BaseConnection.php(620): CodeIgniter\Database\BaseConnection->initialize()
#3 C:\xampp\htdocs\eleCRM\system\Database\BaseBuilder.php(1649): CodeIgniter\Database\BaseConnection->query('SELECT `copy_el...', Array, false)
#4 C:\xampp\htdocs\eleCRM\system\Model.php(286): CodeIgniter\Database\BaseBuilder->get()
#5 C:\xampp\htdocs\eleCRM\system\BaseModel.php(675): CodeIgniter\Model->doFindAll(12, 0)
#6 C:\xampp\htdocs\eleCRM\app\Models\EleCustomerLeadModel.php(64): CodeIgniter\BaseModel->findAll(12, 0)
#7 C:\xampp\htdocs\eleCRM\app\Controllers\Home.php(29): App\Models\EleCustomerLeadModel->getLeadsWithPagination(12, 0)
#8 C:\xampp\htdocs\eleCRM\system\CodeIgniter.php(933): App\Controllers\Home->fetchLeads('1')
#9 C:\xampp\htdocs\eleCRM\system\CodeIgniter.php(507): CodeIgniter\CodeIgniter->runController(Object(App\Controllers\Home))
#10 C:\xampp\htdocs\eleCRM\system\CodeIgniter.php(354): CodeIgniter\CodeIgniter->handleRequest(NULL, Object(Config\Cache), false)
#11 C:\xampp\htdocs\eleCRM\system\Boot.php(334): CodeIgniter\CodeIgniter->run()
#12 C:\xampp\htdocs\eleCRM\system\Boot.php(67): CodeIgniter\Boot::runCodeIgniter(Object(CodeIgniter\CodeIgniter))
#13 C:\xampp\htdocs\eleCRM\index.php(56): CodeIgniter\Boot::bootWeb(Object(Config\Paths))
#14 {main}

Next CodeIgniter\Database\Exceptions\DatabaseException: No connection could be made because the target machine actively refused it in C:\xampp\htdocs\eleCRM\system\Database\MySQLi\Connection.php:246
Stack trace:
#0 C:\xampp\htdocs\eleCRM\system\Database\BaseConnection.php(421): CodeIgniter\Database\MySQLi\Connection->connect(false)
#1 C:\xampp\htdocs\eleCRM\system\Database\BaseConnection.php(620): CodeIgniter\Database\BaseConnection->initialize()
#2 C:\xampp\htdocs\eleCRM\system\Database\BaseBuilder.php(1649): CodeIgniter\Database\BaseConnection->query('SELECT `copy_el...', Array, false)
#3 C:\xampp\htdocs\eleCRM\system\Model.php(286): CodeIgniter\Database\BaseBuilder->get()
#4 C:\xampp\htdocs\eleCRM\system\BaseModel.php(675): CodeIgniter\Model->doFindAll(12, 0)
#5 C:\xampp\htdocs\eleCRM\app\Models\EleCustomerLeadModel.php(64): CodeIgniter\BaseModel->findAll(12, 0)
#6 C:\xampp\htdocs\eleCRM\app\Controllers\Home.php(29): App\Models\EleCustomerLeadModel->getLeadsWithPagination(12, 0)
#7 C:\xampp\htdocs\eleCRM\system\CodeIgniter.php(933): App\Controllers\Home->fetchLeads('1')
#8 C:\xampp\htdocs\eleCRM\system\CodeIgniter.php(507): CodeIgniter\CodeIgniter->runController(Object(App\Controllers\Home))
#9 C:\xampp\htdocs\eleCRM\system\CodeIgniter.php(354): CodeIgniter\CodeIgniter->handleRequest(NULL, Object(Config\Cache), false)
#10 C:\xampp\htdocs\eleCRM\system\Boot.php(334): CodeIgniter\CodeIgniter->run()
#11 C:\xampp\htdocs\eleCRM\system\Boot.php(67): CodeIgniter\Boot::runCodeIgniter(Object(CodeIgniter\CodeIgniter))
#12 C:\xampp\htdocs\eleCRM\index.php(56): CodeIgniter\Boot::bootWeb(Object(Config\Paths))
#13 {main}
ERROR - 2025-04-17 08:04:31 --> Error in fetchLeads: Unable to connect to the database.
Main connection [MySQLi]: No connection could be made because the target machine actively refused it
DEBUG - 2025-04-17 08:05:10 --> Session: Class initialized using 'CodeIgniter\Session\Handlers\FileHandler' driver.
DEBUG - 2025-04-17 08:05:17 --> Session: Class initialized using 'CodeIgniter\Session\Handlers\FileHandler' driver.
DEBUG - 2025-04-17 08:07:41 --> Session: Class initialized using 'CodeIgniter\Session\Handlers\FileHandler' driver.
DEBUG - 2025-04-17 08:08:05 --> Session: Class initialized using 'CodeIgniter\Session\Handlers\FileHandler' driver.
DEBUG - 2025-04-17 08:08:08 --> Session: Class initialized using 'CodeIgniter\Session\Handlers\FileHandler' driver.
DEBUG - 2025-04-17 08:11:54 --> Session: Class initialized using 'CodeIgniter\Session\Handlers\FileHandler' driver.
DEBUG - 2025-04-17 08:11:57 --> Session: Class initialized using 'CodeIgniter\Session\Handlers\FileHandler' driver.
DEBUG - 2025-04-17 08:14:53 --> Session: Class initialized using 'CodeIgniter\Session\Handlers\FileHandler' driver.
DEBUG - 2025-04-17 08:15:05 --> Session: Class initialized using 'CodeIgniter\Session\Handlers\FileHandler' driver.
DEBUG - 2025-04-17 08:15:22 --> Session: Class initialized using 'CodeIgniter\Session\Handlers\FileHandler' driver.
DEBUG - 2025-04-17 08:15:31 --> Session: Class initialized using 'CodeIgniter\Session\Handlers\FileHandler' driver.
DEBUG - 2025-04-17 08:16:21 --> Session: Class initialized using 'CodeIgniter\Session\Handlers\FileHandler' driver.
DEBUG - 2025-04-17 08:17:22 --> Session: Class initialized using 'CodeIgniter\Session\Handlers\FileHandler' driver.
DEBUG - 2025-04-17 08:17:32 --> Session: Class initialized using 'CodeIgniter\Session\Handlers\FileHandler' driver.
DEBUG - 2025-04-17 08:18:35 --> Session: Class initialized using 'CodeIgniter\Session\Handlers\FileHandler' driver.
DEBUG - 2025-04-17 08:45:29 --> Session: Class initialized using 'CodeIgniter\Session\Handlers\FileHandler' driver.
DEBUG - 2025-04-17 08:48:11 --> Session: Class initialized using 'CodeIgniter\Session\Handlers\FileHandler' driver.
DEBUG - 2025-04-17 08:48:26 --> Session: Class initialized using 'CodeIgniter\Session\Handlers\FileHandler' driver.
DEBUG - 2025-04-17 08:49:00 --> Session: Class initialized using 'CodeIgniter\Session\Handlers\FileHandler' driver.
DEBUG - 2025-04-17 08:49:03 --> Session: Class initialized using 'CodeIgniter\Session\Handlers\FileHandler' driver.
DEBUG - 2025-04-17 08:49:09 --> Session: Class initialized using 'CodeIgniter\Session\Handlers\FileHandler' driver.
DEBUG - 2025-04-17 08:49:12 --> Session: Class initialized using 'CodeIgniter\Session\Handlers\FileHandler' driver.
DEBUG - 2025-04-17 08:49:14 --> Session: Class initialized using 'CodeIgniter\Session\Handlers\FileHandler' driver.
DEBUG - 2025-04-17 08:49:19 --> Session: Class initialized using 'CodeIgniter\Session\Handlers\FileHandler' driver.
DEBUG - 2025-04-17 08:49:20 --> Session: Class initialized using 'CodeIgniter\Session\Handlers\FileHandler' driver.
DEBUG - 2025-04-17 08:49:23 --> Session: Class initialized using 'CodeIgniter\Session\Handlers\FileHandler' driver.
DEBUG - 2025-04-17 08:49:27 --> Session: Class initialized using 'CodeIgniter\Session\Handlers\FileHandler' driver.
DEBUG - 2025-04-17 08:49:30 --> Session: Class initialized using 'CodeIgniter\Session\Handlers\FileHandler' driver.
DEBUG - 2025-04-17 08:49:34 --> Session: Class initialized using 'CodeIgniter\Session\Handlers\FileHandler' driver.
DEBUG - 2025-04-17 08:49:41 --> Session: Class initialized using 'CodeIgniter\Session\Handlers\FileHandler' driver.
DEBUG - 2025-04-17 08:49:43 --> Session: Class initialized using 'CodeIgniter\Session\Handlers\FileHandler' driver.
DEBUG - 2025-04-17 08:49:58 --> Session: Class initialized using 'CodeIgniter\Session\Handlers\FileHandler' driver.
DEBUG - 2025-04-17 08:50:11 --> Session: Class initialized using 'CodeIgniter\Session\Handlers\FileHandler' driver.
DEBUG - 2025-04-17 08:50:24 --> Session: Class initialized using 'CodeIgniter\Session\Handlers\FileHandler' driver.
DEBUG - 2025-04-17 09:41:27 --> Session: Class initialized using 'CodeIgniter\Session\Handlers\FileHandler' driver.
DEBUG - 2025-04-17 09:41:28 --> Session: Class initialized using 'CodeIgniter\Session\Handlers\FileHandler' driver.
DEBUG - 2025-04-17 09:42:27 --> Session: Class initialized using 'CodeIgniter\Session\Handlers\FileHandler' driver.
DEBUG - 2025-04-17 09:42:31 --> Session: Class initialized using 'CodeIgniter\Session\Handlers\FileHandler' driver.
DEBUG - 2025-04-17 09:42:34 --> Session: Class initialized using 'CodeIgniter\Session\Handlers\FileHandler' driver.
DEBUG - 2025-04-17 09:42:48 --> Session: Class initialized using 'CodeIgniter\Session\Handlers\FileHandler' driver.
DEBUG - 2025-04-17 09:42:50 --> Session: Class initialized using 'CodeIgniter\Session\Handlers\FileHandler' driver.
DEBUG - 2025-04-17 09:42:52 --> Session: Class initialized using 'CodeIgniter\Session\Handlers\FileHandler' driver.
DEBUG - 2025-04-17 09:43:21 --> Session: Class initialized using 'CodeIgniter\Session\Handlers\FileHandler' driver.
DEBUG - 2025-04-17 09:43:27 --> Session: Class initialized using 'CodeIgniter\Session\Handlers\FileHandler' driver.
DEBUG - 2025-04-17 09:43:42 --> Session: Class initialized using 'CodeIgniter\Session\Handlers\FileHandler' driver.
DEBUG - 2025-04-17 09:43:56 --> Session: Class initialized using 'CodeIgniter\Session\Handlers\FileHandler' driver.
DEBUG - 2025-04-17 09:44:02 --> Session: Class initialized using 'CodeIgniter\Session\Handlers\FileHandler' driver.
DEBUG - 2025-04-17 09:44:34 --> Session: Class initialized using 'CodeIgniter\Session\Handlers\FileHandler' driver.
DEBUG - 2025-04-17 09:44:37 --> Session: Class initialized using 'CodeIgniter\Session\Handlers\FileHandler' driver.
DEBUG - 2025-04-17 09:47:00 --> Session: Class initialized using 'CodeIgniter\Session\Handlers\FileHandler' driver.
DEBUG - 2025-04-17 09:47:10 --> Session: Class initialized using 'CodeIgniter\Session\Handlers\FileHandler' driver.
DEBUG - 2025-04-17 09:47:11 --> Session: Class initialized using 'CodeIgniter\Session\Handlers\FileHandler' driver.
DEBUG - 2025-04-17 09:47:11 --> Session: Class initialized using 'CodeIgniter\Session\Handlers\FileHandler' driver.
DEBUG - 2025-04-17 09:48:42 --> Session: Class initialized using 'CodeIgniter\Session\Handlers\FileHandler' driver.
DEBUG - 2025-04-17 10:06:20 --> Session: Class initialized using 'CodeIgniter\Session\Handlers\FileHandler' driver.
DEBUG - 2025-04-17 10:06:41 --> Session: Class initialized using 'CodeIgniter\Session\Handlers\FileHandler' driver.
DEBUG - 2025-04-17 10:29:46 --> Session: Class initialized using 'CodeIgniter\Session\Handlers\FileHandler' driver.
DEBUG - 2025-04-17 10:30:23 --> Session: Class initialized using 'CodeIgniter\Session\Handlers\FileHandler' driver.
DEBUG - 2025-04-17 10:32:27 --> Session: Class initialized using 'CodeIgniter\Session\Handlers\FileHandler' driver.
DEBUG - 2025-04-17 10:32:40 --> Session: Class initialized using 'CodeIgniter\Session\Handlers\FileHandler' driver.
DEBUG - 2025-04-17 10:42:39 --> Session: Class initialized using 'CodeIgniter\Session\Handlers\FileHandler' driver.
DEBUG - 2025-04-17 10:42:44 --> Session: Class initialized using 'CodeIgniter\Session\Handlers\FileHandler' driver.
DEBUG - 2025-04-17 10:43:14 --> Session: Class initialized using 'CodeIgniter\Session\Handlers\FileHandler' driver.
DEBUG - 2025-04-17 10:51:49 --> Session: Class initialized using 'CodeIgniter\Session\Handlers\FileHandler' driver.
DEBUG - 2025-04-17 10:51:51 --> Session: Class initialized using 'CodeIgniter\Session\Handlers\FileHandler' driver.
DEBUG - 2025-04-17 10:51:53 --> Session: Class initialized using 'CodeIgniter\Session\Handlers\FileHandler' driver.
DEBUG - 2025-04-17 10:51:56 --> Session: Class initialized using 'CodeIgniter\Session\Handlers\FileHandler' driver.
DEBUG - 2025-04-17 10:51:59 --> Session: Class initialized using 'CodeIgniter\Session\Handlers\FileHandler' driver.
DEBUG - 2025-04-17 10:52:00 --> Session: Class initialized using 'CodeIgniter\Session\Handlers\FileHandler' driver.
DEBUG - 2025-04-17 10:54:32 --> Session: Class initialized using 'CodeIgniter\Session\Handlers\FileHandler' driver.
DEBUG - 2025-04-17 10:54:37 --> Session: Class initialized using 'CodeIgniter\Session\Handlers\FileHandler' driver.
DEBUG - 2025-04-17 10:54:46 --> Session: Class initialized using 'CodeIgniter\Session\Handlers\FileHandler' driver.
DEBUG - 2025-04-17 10:56:20 --> Session: Class initialized using 'CodeIgniter\Session\Handlers\FileHandler' driver.
DEBUG - 2025-04-17 10:56:27 --> Session: Class initialized using 'CodeIgniter\Session\Handlers\FileHandler' driver.
DEBUG - 2025-04-17 10:56:31 --> Session: Class initialized using 'CodeIgniter\Session\Handlers\FileHandler' driver.
DEBUG - 2025-04-17 10:56:35 --> Session: Class initialized using 'CodeIgniter\Session\Handlers\FileHandler' driver.
DEBUG - 2025-04-17 10:56:45 --> Session: Class initialized using 'CodeIgniter\Session\Handlers\FileHandler' driver.
DEBUG - 2025-04-17 10:56:51 --> Session: Class initialized using 'CodeIgniter\Session\Handlers\FileHandler' driver.
DEBUG - 2025-04-17 10:57:00 --> Session: Class initialized using 'CodeIgniter\Session\Handlers\FileHandler' driver.
DEBUG - 2025-04-17 10:57:21 --> Session: Class initialized using 'CodeIgniter\Session\Handlers\FileHandler' driver.
DEBUG - 2025-04-17 10:57:30 --> Session: Class initialized using 'CodeIgniter\Session\Handlers\FileHandler' driver.
DEBUG - 2025-04-17 10:57:40 --> Session: Class initialized using 'CodeIgniter\Session\Handlers\FileHandler' driver.
DEBUG - 2025-04-17 10:57:50 --> Session: Class initialized using 'CodeIgniter\Session\Handlers\FileHandler' driver.
DEBUG - 2025-04-17 10:58:00 --> Session: Class initialized using 'CodeIgniter\Session\Handlers\FileHandler' driver.
DEBUG - 2025-04-17 10:58:06 --> Session: Class initialized using 'CodeIgniter\Session\Handlers\FileHandler' driver.
DEBUG - 2025-04-17 10:58:11 --> Session: Class initialized using 'CodeIgniter\Session\Handlers\FileHandler' driver.
DEBUG - 2025-04-17 11:03:13 --> Session: Class initialized using 'CodeIgniter\Session\Handlers\FileHandler' driver.
DEBUG - 2025-04-17 11:03:50 --> Session: Class initialized using 'CodeIgniter\Session\Handlers\FileHandler' driver.
DEBUG - 2025-04-17 11:03:52 --> Session: Class initialized using 'CodeIgniter\Session\Handlers\FileHandler' driver.
DEBUG - 2025-04-17 11:03:55 --> Session: Class initialized using 'CodeIgniter\Session\Handlers\FileHandler' driver.
DEBUG - 2025-04-17 11:03:57 --> Session: Class initialized using 'CodeIgniter\Session\Handlers\FileHandler' driver.
DEBUG - 2025-04-17 11:04:26 --> Session: Class initialized using 'CodeIgniter\Session\Handlers\FileHandler' driver.
DEBUG - 2025-04-17 11:04:29 --> Session: Class initialized using 'CodeIgniter\Session\Handlers\FileHandler' driver.
DEBUG - 2025-04-17 11:04:30 --> Session: Class initialized using 'CodeIgniter\Session\Handlers\FileHandler' driver.
DEBUG - 2025-04-17 11:04:34 --> Session: Class initialized using 'CodeIgniter\Session\Handlers\FileHandler' driver.
DEBUG - 2025-04-17 11:06:25 --> Session: Class initialized using 'CodeIgniter\Session\Handlers\FileHandler' driver.
DEBUG - 2025-04-17 11:07:28 --> Session: Class initialized using 'CodeIgniter\Session\Handlers\FileHandler' driver.
DEBUG - 2025-04-17 11:07:30 --> Session: Class initialized using 'CodeIgniter\Session\Handlers\FileHandler' driver.
DEBUG - 2025-04-17 11:07:33 --> Session: Class initialized using 'CodeIgniter\Session\Handlers\FileHandler' driver.
DEBUG - 2025-04-17 11:07:59 --> Session: Class initialized using 'CodeIgniter\Session\Handlers\FileHandler' driver.
DEBUG - 2025-04-17 11:13:11 --> Session: Class initialized using 'CodeIgniter\Session\Handlers\FileHandler' driver.
DEBUG - 2025-04-17 11:14:17 --> Session: Class initialized using 'CodeIgniter\Session\Handlers\FileHandler' driver.
DEBUG - 2025-04-17 11:16:56 --> Session: Class initialized using 'CodeIgniter\Session\Handlers\FileHandler' driver.
DEBUG - 2025-04-17 11:18:09 --> Session: Class initialized using 'CodeIgniter\Session\Handlers\FileHandler' driver.
DEBUG - 2025-04-17 11:18:10 --> Session: Class initialized using 'CodeIgniter\Session\Handlers\FileHandler' driver.
DEBUG - 2025-04-17 11:18:14 --> Session: Class initialized using 'CodeIgniter\Session\Handlers\FileHandler' driver.
DEBUG - 2025-04-17 11:18:19 --> Session: Class initialized using 'CodeIgniter\Session\Handlers\FileHandler' driver.
DEBUG - 2025-04-17 11:18:21 --> Session: Class initialized using 'CodeIgniter\Session\Handlers\FileHandler' driver.
DEBUG - 2025-04-17 11:18:23 --> Session: Class initialized using 'CodeIgniter\Session\Handlers\FileHandler' driver.
DEBUG - 2025-04-17 11:18:29 --> Session: Class initialized using 'CodeIgniter\Session\Handlers\FileHandler' driver.
DEBUG - 2025-04-17 11:20:51 --> Session: Class initialized using 'CodeIgniter\Session\Handlers\FileHandler' driver.
DEBUG - 2025-04-17 11:21:03 --> Session: Class initialized using 'CodeIgniter\Session\Handlers\FileHandler' driver.
DEBUG - 2025-04-17 11:21:08 --> Session: Class initialized using 'CodeIgniter\Session\Handlers\FileHandler' driver.
DEBUG - 2025-04-17 11:21:10 --> Session: Class initialized using 'CodeIgniter\Session\Handlers\FileHandler' driver.
DEBUG - 2025-04-17 11:21:12 --> Session: Class initialized using 'CodeIgniter\Session\Handlers\FileHandler' driver.
DEBUG - 2025-04-17 11:21:14 --> Session: Class initialized using 'CodeIgniter\Session\Handlers\FileHandler' driver.
DEBUG - 2025-04-17 11:21:17 --> Session: Class initialized using 'CodeIgniter\Session\Handlers\FileHandler' driver.
DEBUG - 2025-04-17 11:21:18 --> Session: Class initialized using 'CodeIgniter\Session\Handlers\FileHandler' driver.
DEBUG - 2025-04-17 11:21:40 --> Session: Class initialized using 'CodeIgniter\Session\Handlers\FileHandler' driver.
DEBUG - 2025-04-17 11:21:48 --> Session: Class initialized using 'CodeIgniter\Session\Handlers\FileHandler' driver.
DEBUG - 2025-04-17 11:23:41 --> Session: Class initialized using 'CodeIgniter\Session\Handlers\FileHandler' driver.
DEBUG - 2025-04-17 11:23:45 --> Session: Class initialized using 'CodeIgniter\Session\Handlers\FileHandler' driver.
DEBUG - 2025-04-17 11:24:09 --> Session: Class initialized using 'CodeIgniter\Session\Handlers\FileHandler' driver.
DEBUG - 2025-04-17 11:24:12 --> Session: Class initialized using 'CodeIgniter\Session\Handlers\FileHandler' driver.
DEBUG - 2025-04-17 11:26:17 --> Session: Class initialized using 'CodeIgniter\Session\Handlers\FileHandler' driver.
DEBUG - 2025-04-17 11:26:22 --> Session: Class initialized using 'CodeIgniter\Session\Handlers\FileHandler' driver.
DEBUG - 2025-04-17 11:26:49 --> Session: Class initialized using 'CodeIgniter\Session\Handlers\FileHandler' driver.
DEBUG - 2025-04-17 11:28:18 --> Session: Class initialized using 'CodeIgniter\Session\Handlers\FileHandler' driver.
DEBUG - 2025-04-17 11:28:26 --> Session: Class initialized using 'CodeIgniter\Session\Handlers\FileHandler' driver.
DEBUG - 2025-04-17 11:31:03 --> Session: Class initialized using 'CodeIgniter\Session\Handlers\FileHandler' driver.
DEBUG - 2025-04-17 11:32:38 --> Session: Class initialized using 'CodeIgniter\Session\Handlers\FileHandler' driver.
CRITICAL - 2025-04-17 11:32:38 --> ParseError: syntax error, unexpected token "<", expecting end of file
[Method: GET, Route: dashboard]
in APPPATH\Views\Home\index.php on line 115.
 1 SYSTEMPATH\View\View.php(227): CodeIgniter\View\View->CodeIgniter\View\{closure}()
 2 SYSTEMPATH\Common.php(1173): CodeIgniter\View\View->render('Home/index', [], true)
 3 APPPATH\Controllers\Home.php(19): view('Home/index')
 4 SYSTEMPATH\CodeIgniter.php(933): App\Controllers\Home->index()
 5 SYSTEMPATH\CodeIgniter.php(507): CodeIgniter\CodeIgniter->runController(Object(App\Controllers\Home))
 6 SYSTEMPATH\CodeIgniter.php(354): CodeIgniter\CodeIgniter->handleRequest(null, Object(Config\Cache), false)
 7 SYSTEMPATH\Boot.php(334): CodeIgniter\CodeIgniter->run()
 8 SYSTEMPATH\Boot.php(67): CodeIgniter\Boot::runCodeIgniter(Object(CodeIgniter\CodeIgniter))
 9 FCPATH\index.php(56): CodeIgniter\Boot::bootWeb(Object(Config\Paths))
DEBUG - 2025-04-17 11:33:50 --> Session: Class initialized using 'CodeIgniter\Session\Handlers\FileHandler' driver.
DEBUG - 2025-04-17 11:33:53 --> Session: Class initialized using 'CodeIgniter\Session\Handlers\FileHandler' driver.
DEBUG - 2025-04-17 11:34:19 --> Session: Class initialized using 'CodeIgniter\Session\Handlers\FileHandler' driver.
DEBUG - 2025-04-17 11:34:33 --> Session: Class initialized using 'CodeIgniter\Session\Handlers\FileHandler' driver.
DEBUG - 2025-04-17 11:34:36 --> Session: Class initialized using 'CodeIgniter\Session\Handlers\FileHandler' driver.
DEBUG - 2025-04-17 11:35:27 --> Session: Class initialized using 'CodeIgniter\Session\Handlers\FileHandler' driver.
DEBUG - 2025-04-17 11:35:46 --> Session: Class initialized using 'CodeIgniter\Session\Handlers\FileHandler' driver.
DEBUG - 2025-04-17 11:35:48 --> Session: Class initialized using 'CodeIgniter\Session\Handlers\FileHandler' driver.
DEBUG - 2025-04-17 11:41:17 --> Session: Class initialized using 'CodeIgniter\Session\Handlers\FileHandler' driver.
DEBUG - 2025-04-17 11:41:29 --> Session: Class initialized using 'CodeIgniter\Session\Handlers\FileHandler' driver.
DEBUG - 2025-04-17 11:41:29 --> Session: Class initialized using 'CodeIgniter\Session\Handlers\FileHandler' driver.
DEBUG - 2025-04-17 11:42:56 --> Session: Class initialized using 'CodeIgniter\Session\Handlers\FileHandler' driver.
DEBUG - 2025-04-17 11:52:47 --> Session: Class initialized using 'CodeIgniter\Session\Handlers\FileHandler' driver.
DEBUG - 2025-04-17 11:52:50 --> Session: Class initialized using 'CodeIgniter\Session\Handlers\FileHandler' driver.
DEBUG - 2025-04-17 11:52:55 --> Session: Class initialized using 'CodeIgniter\Session\Handlers\FileHandler' driver.
DEBUG - 2025-04-17 11:54:17 --> Session: Class initialized using 'CodeIgniter\Session\Handlers\FileHandler' driver.
DEBUG - 2025-04-17 11:54:29 --> Session: Class initialized using 'CodeIgniter\Session\Handlers\FileHandler' driver.
DEBUG - 2025-04-17 11:54:31 --> Session: Class initialized using 'CodeIgniter\Session\Handlers\FileHandler' driver.
DEBUG - 2025-04-17 11:54:32 --> Session: Class initialized using 'CodeIgniter\Session\Handlers\FileHandler' driver.
DEBUG - 2025-04-17 11:56:04 --> Session: Class initialized using 'CodeIgniter\Session\Handlers\FileHandler' driver.
DEBUG - 2025-04-17 11:56:05 --> Session: Class initialized using 'CodeIgniter\Session\Handlers\FileHandler' driver.
DEBUG - 2025-04-17 11:56:09 --> Session: Class initialized using 'CodeIgniter\Session\Handlers\FileHandler' driver.
DEBUG - 2025-04-17 11:57:09 --> Session: Class initialized using 'CodeIgniter\Session\Handlers\FileHandler' driver.
DEBUG - 2025-04-17 11:58:22 --> Session: Class initialized using 'CodeIgniter\Session\Handlers\FileHandler' driver.
DEBUG - 2025-04-17 11:58:43 --> Session: Class initialized using 'CodeIgniter\Session\Handlers\FileHandler' driver.
DEBUG - 2025-04-17 11:58:50 --> Session: Class initialized using 'CodeIgniter\Session\Handlers\FileHandler' driver.
DEBUG - 2025-04-17 11:59:01 --> Session: Class initialized using 'CodeIgniter\Session\Handlers\FileHandler' driver.
DEBUG - 2025-04-17 12:06:53 --> Session: Class initialized using 'CodeIgniter\Session\Handlers\FileHandler' driver.
DEBUG - 2025-04-17 12:35:42 --> Session: Class initialized using 'CodeIgniter\Session\Handlers\FileHandler' driver.
DEBUG - 2025-04-17 12:35:44 --> Session: Class initialized using 'CodeIgniter\Session\Handlers\FileHandler' driver.
DEBUG - 2025-04-17 12:35:46 --> Session: Class initialized using 'CodeIgniter\Session\Handlers\FileHandler' driver.
DEBUG - 2025-04-17 12:35:49 --> Session: Class initialized using 'CodeIgniter\Session\Handlers\FileHandler' driver.
DEBUG - 2025-04-17 12:35:52 --> Session: Class initialized using 'CodeIgniter\Session\Handlers\FileHandler' driver.
DEBUG - 2025-04-17 12:35:56 --> Session: Class initialized using 'CodeIgniter\Session\Handlers\FileHandler' driver.
DEBUG - 2025-04-17 12:35:58 --> Session: Class initialized using 'CodeIgniter\Session\Handlers\FileHandler' driver.
DEBUG - 2025-04-17 12:36:01 --> Session: Class initialized using 'CodeIgniter\Session\Handlers\FileHandler' driver.
DEBUG - 2025-04-17 12:36:08 --> Session: Class initialized using 'CodeIgniter\Session\Handlers\FileHandler' driver.
DEBUG - 2025-04-17 12:36:18 --> Session: Class initialized using 'CodeIgniter\Session\Handlers\FileHandler' driver.
DEBUG - 2025-04-17 12:36:20 --> Session: Class initialized using 'CodeIgniter\Session\Handlers\FileHandler' driver.
DEBUG - 2025-04-17 12:36:31 --> Session: Class initialized using 'CodeIgniter\Session\Handlers\FileHandler' driver.
DEBUG - 2025-04-17 12:36:46 --> Session: Class initialized using 'CodeIgniter\Session\Handlers\FileHandler' driver.
DEBUG - 2025-04-17 12:39:24 --> Session: Class initialized using 'CodeIgniter\Session\Handlers\FileHandler' driver.
